
****** PrimeSim HSPICE -- W-2024.09-SP2-2 linux64 (Apr 30 2025 9758346) ******
  
 * hspice options

 ****** circuit name directory
 circuit number to circuit name directory
   number circuitname                     definition         multiplier
        0 main circuit
        1 xnmos.                          abnmos             1.00 
        2 xnmos.xm1.                      sky130_fd_pr__nfet_01v8
                                                                 1.00 
 ******  
 * hspice options

 
 *****************************************************************
 ******  option summary
 ******
 runlvl  = 5         bypass  = 2.0000    
  Opening plot unit= 15
 file=nfetdc.pa0

 ******
 * hspice options

 ****** dc transfer curves tnom=  25.000 temp=  25.000 ******
x

 volt         voltage    current    current    current   
             ng         vg_sense   vd_sense   vs_sense   
    0.          0.         0.         2.0112p  201.0229f 
    1.80000m    1.8000m    0.         2.0202p  210.0595f 
    3.60000m    3.6000m    0.         2.0297p  219.5023f 
    5.40000m    5.4000m    0.         2.0395p  229.3696f 
    7.20000m    7.2000m    0.         2.0499p  239.6804f 
    9.00000m    9.0000m    0.         2.0606p  250.4547f 
   10.80000m   10.8000m    0.         2.0719p  261.7132f 
   12.60000m   12.6000m    0.         2.0837p  273.4779f 
   14.40000m   14.4000m    0.         2.0960p  285.7714f 
   16.20000m   16.2000m    0.         2.1088p  298.6175f 
   18.00000m   18.0000m    0.         2.1223p  312.0410f 
   19.80000m   19.8000m    0.         2.1363p  326.0679f 
   21.60000m   21.6000m    0.         2.1510p  340.7253f 
   23.40000m   23.4000m    0.         2.1663p  356.0415f 
   25.20000m   25.2000m    0.         2.1823p  372.0462f 
   27.00000m   27.0000m    0.         2.1991p  388.7703f 
   28.80000m   28.8000m    0.         2.2165p  406.2461f 
   30.60000m   30.6000m    0.         2.2348p  424.5074f 
   32.40000m   32.4000m    0.         2.2539p  443.5896f 
   34.20000m   34.2000m    0.         2.2739p  463.5295f 
   36.00000m   36.0000m    0.         2.2947p  484.3656f 
   37.80000m   37.8000m    0.         2.3165p  506.1382f 
   39.60000m   39.6000m    0.         2.3393p  528.8895f 
   41.40000m   41.4000m    0.         2.3631p  552.6634f 
   43.20000m   43.2000m    0.         2.3879p  577.5059f 
   45.00000m   45.0000m    0.         2.4139p  603.4650f 
   46.80000m   46.8000m    0.         2.4411p  630.5908f 
   48.60000m   48.6000m    0.         2.4694p  658.9359f 
   50.40000m   50.4000m    0.         2.4991p  688.5550f 
   52.20000m   52.2000m    0.         2.5300p  719.5053f 
   54.00000m   54.0000m    0.         2.5624p  751.8468f 
   55.80000m   55.8000m    0.         2.5962p  785.6418f 
   57.60000m   57.6000m    0.         2.6316p  820.9558f 
   59.40000m   59.4000m    0.         2.6685p  857.8570f 
   61.20000m   61.2000m    0.         2.7071p  896.4166f 
   63.00000m   63.0000m    0.         2.7474p  936.7094f 
   64.80000m   64.8000m    0.         2.7895p  978.8130f 
   66.60000m   66.6000m    0.         2.8336p    1.0228p 
   68.40000m   68.4000m    0.         2.8796p    1.0688p 
   70.20000m   70.2000m    0.         2.9276p    1.1168p 
   72.00000m   72.0000m    0.         2.9779p    1.1670p 
   73.80000m   73.8000m    0.         3.0304p    1.2195p 
   75.60000m   75.6000m    0.         3.0852p    1.2743p 
   77.40000m   77.4000m    0.         3.1425p    1.3316p 
   79.20000m   79.2000m    0.         3.2024p    1.3914p 
   81.00000m   81.0000m    0.         3.2650p    1.4540p 
   82.80000m   82.8000m    0.         3.3304p    1.5193p 
   84.60000m   84.6000m    0.         3.3987p    1.5876p 
   86.40000m   86.4000m    0.         3.4702p    1.6589p 
   88.20000m   88.2000m    0.         3.5448p    1.7335p 
   90.00000m   90.0000m    0.         3.6227p    1.8114p 
   91.80000m   91.8000m    0.         3.7042p    1.8928p 
   93.60000m   93.6000m    0.         3.7894p    1.9779p 
   95.40000m   95.4000m    0.         3.8783p    2.0668p 
   97.20000m   97.2000m    0.         3.9713p    2.1597p 
   99.00000m   99.0000m    0.         4.0684p    2.2568p 
  100.80000m  100.8000m    0.         4.1699p    2.3582p 
  102.60000m  102.6000m    0.         4.2760p    2.4642p 
  104.40000m  104.4000m    0.         4.3868p    2.5749p 
  106.20000m  106.2000m    0.         4.5026p    2.6906p 
  108.00000m  108.0000m    0.         4.6236p    2.8116p 
  109.80000m  109.8000m    0.         4.7501p    2.9379p 
  111.60000m  111.6000m    0.         4.8822p    3.0700p 
  113.40000m  113.4000m    0.         5.0203p    3.2079p 
  115.20000m  115.2000m    0.         5.1646p    3.3521p 
  117.00000m  117.0000m    0.         5.3153p    3.5027p 
  118.80000m  118.8000m    0.         5.4728p    3.6602p 
  120.60000m  120.6000m    0.         5.6374p    3.8247p 
  122.40000m  122.4000m    0.         5.8095p    3.9965p 
  124.20000m  124.2000m    0.         5.9892p    4.1761p 
  126.00000m  126.0000m    0.         6.1770p    4.3638p 
  127.80000m  127.8000m    0.         6.3732p    4.5599p 
  129.60000m  129.6000m    0.         6.5783p    4.7648p 
  131.40000m  131.4000m    0.         6.7926p    4.9789p 
  133.20000m  133.2000m    0.         7.0165p    5.2027p 
  135.00000m  135.0000m    0.         7.2505p    5.4365p 
  136.80000m  136.8000m    0.         7.4949p    5.6808p 
  138.60000m  138.6000m    0.         7.7504p    5.9360p 
  140.40000m  140.4000m    0.         8.0173p    6.2028p 
  142.20000m  142.2000m    0.         8.2963p    6.4815p 
  144.00000m  144.0000m    0.         8.5877p    6.7728p 
  145.80000m  145.8000m    0.         8.8923p    7.0771p 
  147.60000m  147.6000m    0.         9.2105p    7.3951p 
  149.40000m  149.4000m    0.         9.5430p    7.7274p 
  151.20000m  151.2000m    0.         9.8905p    8.0746p 
  153.00000m  153.0000m    0.        10.2536p    8.4374p 
  154.80000m  154.8000m    0.        10.6329p    8.8165p 
  156.60000m  156.6000m    0.        11.0294p    9.2126p 
  158.40000m  158.4000m    0.        11.4436p    9.6266p 
  160.20000m  160.2000m    0.        11.8764p   10.0591p 
  162.00000m  162.0000m    0.        12.3287p   10.5110p 
  163.80000m  163.8000m    0.        12.8013p   10.9833p 
  165.60000m  165.6000m    0.        13.2951p   11.4767p 
  167.40000m  167.4000m    0.        13.8111p   11.9923p 
  169.20000m  169.2000m    0.        14.3503p   12.5311p 
  171.00000m  171.0000m    0.        14.9137p   13.0941p 
  172.80000m  172.8000m    0.        15.5024p   13.6824p 
  174.60000m  174.6000m    0.        16.1175p   14.2970p 
  176.40000m  176.4000m    0.        16.7602p   14.9393p 
  178.20000m  178.2000m    0.        17.4319p   15.6104p 
  180.00000m  180.0000m    0.        18.1336p   16.3117p 
  181.80000m  181.8000m    0.        18.8669p   17.0444p 
  183.60000m  183.6000m    0.        19.6331p   17.8101p 
  185.40000m  185.4000m    0.        20.4337p   18.6101p 
  187.20000m  187.2000m    0.        21.2703p   19.4461p 
  189.00000m  189.0000m    0.        22.1444p   20.3196p 
  190.80000m  190.8000m    0.        23.0578p   21.2323p 
  192.60000m  192.6000m    0.        24.0122p   22.1860p 
  194.40000m  194.4000m    0.        25.0094p   23.1825p 
  196.20000m  196.2000m    0.        26.0514p   24.2237p 
  198.00000m  198.0000m    0.        27.1402p   25.3117p 
  199.80000m  199.8000m    0.        28.2779p   26.4485p 
  201.60000m  201.6000m    0.        29.4666p   27.6364p 
  203.40000m  203.4000m    0.        30.7087p   28.8776p 
  205.20000m  205.2000m    0.        32.0065p   30.1745p 
  207.00000m  207.0000m    0.        33.3626p   31.5296p 
  208.80000m  208.8000m    0.        34.7796p   32.9455p 
  210.60000m  210.6000m    0.        36.2602p   34.4250p 
  212.40000m  212.4000m    0.        37.8072p   35.9709p 
  214.20000m  214.2000m    0.        39.4237p   37.5862p 
  216.00000m  216.0000m    0.        41.1126p   39.2739p 
  217.80000m  217.8000m    0.        42.8774p   41.0374p 
  219.60000m  219.6000m    0.        44.7214p   42.8801p 
  221.40000m  221.4000m    0.        46.6481p   44.8054p 
  223.20000m  223.2000m    0.        48.6613p   46.8171p 
  225.00000m  225.0000m    0.        50.7648p   48.9190p 
  226.80000m  226.8000m    0.        52.9627p   51.1153p 
  228.60000m  228.6000m    0.        55.2592p   53.4101p 
  230.40000m  230.4000m    0.        57.6587p   55.8079p 
  232.20000m  232.2000m    0.        60.1659p   58.3132p 
  234.00000m  234.0000m    0.        62.7855p   60.9310p 
  235.80000m  235.8000m    0.        65.5227p   63.6661p 
  237.60000m  237.6000m    0.        68.3826p   66.5239p 
  239.40000m  239.4000m    0.        71.3708p   69.5099p 
  241.20000m  241.2000m    0.        74.4930p   72.6299p 
  243.00000m  243.0000m    0.        77.7552p   75.8897p 
  244.80000m  244.8000m    0.        81.1637p   79.2957p 
  246.60000m  246.6000m    0.        84.7251p   82.8545p 
  248.40000m  248.4000m    0.        88.4462p   86.5728p 
  250.20000m  250.2000m    0.        92.3341p   90.4579p 
  252.00000m  252.0000m    0.        96.3963p   94.5172p 
  253.80000m  253.8000m    0.       100.6406p   98.7584p 
  255.60000m  255.6000m    0.       105.0752p  103.1898p 
  257.40000m  257.4000m    0.       109.7086p  107.8198p 
  259.20000m  259.2000m    0.       114.5497p  112.6573p 
  261.00000m  261.0000m    0.       119.6078p  117.7117p 
  262.80000m  262.8000m    0.       124.8925p  122.9926p 
  264.60000m  264.6000m    0.       130.4141p  128.5101p 
  266.40000m  266.4000m    0.       136.1831p  134.2749p 
  268.20000m  268.2000m    0.       142.2106p  140.2980p 
  270.00000m  270.0000m    0.       148.5082p  146.5910p 
  271.80000m  271.8000m    0.       155.0879p  153.1659p 
  273.60000m  273.6000m    0.       161.9624p  160.0354p 
  275.40000m  275.4000m    0.       169.1448p  167.2126p 
  277.20000m  277.2000m    0.       176.6490p  174.7112p 
  279.00000m  279.0000m    0.       184.4892p  182.5457p 
  280.80000m  280.8000m    0.       192.6805p  190.7310p 
  282.60000m  282.6000m    0.       201.2387p  199.2829p 
  284.40000m  284.4000m    0.       210.1800p  208.2177p 
  286.20000m  286.2000m    0.       219.5217p  217.5526p 
  288.00000m  288.0000m    0.       229.2815p  227.3053p 
  289.80000m  289.8000m    0.       239.4783p  237.4946p 
  291.60000m  291.6000m    0.       250.1314p  248.1400p 
  293.40000m  293.4000m    0.       261.2614p  259.2618p 
  295.20000m  295.2000m    0.       272.8894p  270.8813p 
  297.00000m  297.0000m    0.       285.0377p  283.0208p 
  298.80000m  298.8000m    0.       297.7296p  295.7033p 
  300.60000m  300.6000m    0.       310.9892p  308.9533p 
  302.40000m  302.4000m    0.       324.8420p  322.7960p 
  304.20000m  304.2000m    0.       339.3144p  337.2578p 
  306.00000m  306.0000m    0.       354.4340p  352.3663p 
  307.80000m  307.8000m    0.       370.2297p  368.1505p 
  309.60000m  309.6000m    0.       386.7316p  384.6404p 
  311.40000m  311.4000m    0.       403.9713p  401.8675p 
  313.20000m  313.2000m    0.       421.9816p  419.8646p 
  315.00000m  315.0000m    0.       440.7969p  438.6661p 
  316.80000m  316.8000m    0.       460.4530p  458.3079p 
  318.60000m  318.6000m    0.       480.9875p  478.8273p 
  320.40000m  320.4000m    0.       502.4393p  500.2635p 
  322.20000m  322.2000m    0.       524.8494p  522.6572p 
  324.00000m  324.0000m    0.       548.2605p  546.0512p 
  325.80000m  325.8000m    0.       572.7170p  570.4899p 
  327.60000m  327.6000m    0.       598.2656p  596.0198p 
  329.40000m  329.4000m    0.       624.9548p  622.6895p 
  331.20000m  331.2000m    0.       652.8354p  650.5497p 
  333.00000m  333.0000m    0.       681.9603p  679.6533p 
  334.80000m  334.8000m    0.       712.3849p  710.0556p 
  336.60000m  336.6000m    0.       744.1669p  741.8144p 
  338.40000m  338.4000m    0.       777.3667p  774.9900p 
  340.20000m  340.2000m    0.       812.0473p  809.6452p 
  342.00000m  342.0000m    0.       848.2744p  845.8458p 
  343.80000m  343.8000m    0.       886.1167p  883.6605p 
  345.60000m  345.6000m    0.       925.6460p  923.1609p 
  347.40000m  347.4000m    0.       966.9370p  964.4218p 
  349.20000m  349.2000m    0.         1.0101n    1.0075n 
  351.00000m  351.0000m    0.         1.0551n    1.0525n 
  352.80000m  352.8000m    0.         1.1022n    1.0996n 
  354.60000m  354.6000m    0.         1.1513n    1.1487n 
  356.40000m  356.4000m    0.         1.2027n    1.2000n 
  358.20000m  358.2000m    0.         1.2563n    1.2536n 
  360.00000m  360.0000m    0.         1.3123n    1.3096n 
  361.80000m  361.8000m    0.         1.3708n    1.3680n 
  363.60000m  363.6000m    0.         1.4319n    1.4291n 
  365.40000m  365.4000m    0.         1.4958n    1.4929n 
  367.20000m  367.2000m    0.         1.5624n    1.5595n 
  369.00000m  369.0000m    0.         1.6321n    1.6291n 
  370.80000m  370.8000m    0.         1.7048n    1.7017n 
  372.60000m  372.6000m    0.         1.7808n    1.7776n 
  374.40000m  374.4000m    0.         1.8601n    1.8569n 
  376.20000m  376.2000m    0.         1.9429n    1.9397n 
  378.00000m  378.0000m    0.         2.0295n    2.0262n 
  379.80000m  379.8000m    0.         2.1199n    2.1165n 
  381.60000m  381.6000m    0.         2.2142n    2.2108n 
  383.40000m  383.4000m    0.         2.3128n    2.3093n 
  385.20000m  385.2000m    0.         2.4157n    2.4122n 
  387.00000m  387.0000m    0.         2.5233n    2.5196n 
  388.80000m  388.8000m    0.         2.6355n    2.6318n 
  390.60000m  390.6000m    0.         2.7528n    2.7490n 
  392.40000m  392.4000m    0.         2.8752n    2.8713n 
  394.20000m  394.2000m    0.         3.0031n    2.9991n 
  396.00000m  396.0000m    0.         3.1366n    3.1325n 
  397.80000m  397.8000m    0.         3.2760n    3.2718n 
  399.60000m  399.6000m    0.         3.4216n    3.4173n 
  401.40000m  401.4000m    0.         3.5736n    3.5692n 
  403.20000m  403.2000m    0.         3.7324n    3.7279n 
  405.00000m  405.0000m    0.         3.8982n    3.8935n 
  406.80000m  406.8000m    0.         4.0712n    4.0665n 
  408.60000m  408.6000m    0.         4.2520n    4.2471n 
  410.40000m  410.4000m    0.         4.4407n    4.4356n 
  412.20000m  412.2000m    0.         4.6377n    4.6325n 
  414.00000m  414.0000m    0.         4.8434n    4.8381n 
  415.80000m  415.8000m    0.         5.0582n    5.0527n 
  417.60000m  417.6000m    0.         5.2825n    5.2768n 
  419.40000m  419.4000m    0.         5.5166n    5.5107n 
  421.20000m  421.2000m    0.         5.7610n    5.7550n 
  423.00000m  423.0000m    0.         6.0162n    6.0100n 
  424.80000m  424.8000m    0.         6.2826n    6.2762n 
  426.60000m  426.6000m    0.         6.5607n    6.5541n 
  428.40000m  428.4000m    0.         6.8511n    6.8443n 
  430.20000m  430.2000m    0.         7.1542n    7.1471n 
  432.00000m  432.0000m    0.         7.4706n    7.4633n 
  433.80000m  433.8000m    0.         7.8008n    7.7933n 
  435.60000m  435.6000m    0.         8.1456n    8.1378n 
  437.40000m  437.4000m    0.         8.5055n    8.4974n 
  439.20000m  439.2000m    0.         8.8811n    8.8728n 
  441.00000m  441.0000m    0.         9.2732n    9.2646n 
  442.80000m  442.8000m    0.         9.6824n    9.6735n 
  444.60000m  444.6000m    0.        10.1095n   10.1003n 
  446.40000m  446.4000m    0.        10.5553n   10.5458n 
  448.20000m  448.2000m    0.        11.0205n   11.0107n 
  450.00000m  450.0000m    0.        11.5061n   11.4959n 
  451.80000m  451.8000m    0.        12.0128n   12.0022n 
  453.60000m  453.6000m    0.        12.5416n   12.5307n 
  455.40000m  455.4000m    0.        13.0935n   13.0821n 
  457.20000m  457.2000m    0.        13.6693n   13.6575n 
  459.00000m  459.0000m    0.        14.2703n   14.2580n 
  460.80000m  460.8000m    0.        14.8973n   14.8846n 
  462.60000m  462.6000m    0.        15.5516n   15.5384n 
  464.40000m  464.4000m    0.        16.2342n   16.2206n 
  466.20000m  466.2000m    0.        16.9465n   16.9323n 
  468.00000m  468.0000m    0.        17.6897n   17.6749n 
  469.80000m  469.8000m    0.        18.4650n   18.4497n 
  471.60000m  471.6000m    0.        19.2738n   19.2580n 
  473.40000m  473.4000m    0.        20.1177n   20.1012n 
  475.20000m  475.2000m    0.        20.9980n   20.9808n 
  477.00000m  477.0000m    0.        21.9163n   21.8984n 
  478.80000m  478.8000m    0.        22.8741n   22.8556n 
  480.60000m  480.6000m    0.        23.8733n   23.8540n 
  482.40000m  482.4000m    0.        24.9154n   24.8954n 
  484.20000m  484.2000m    0.        26.0024n   25.9816n 
  486.00000m  486.0000m    0.        27.1361n   27.1144n 
  487.80000m  487.8000m    0.        28.3184n   28.2959n 
  489.60000m  489.6000m    0.        29.5514n   29.5280n 
  491.40000m  491.4000m    0.        30.8373n   30.8129n 
  493.20000m  493.2000m    0.        32.1781n   32.1528n 
  495.00000m  495.0000m    0.        33.5763n   33.5500n 
  496.80000m  496.8000m    0.        35.0342n   35.0068n 
  498.60000m  498.6000m    0.        36.5543n   36.5258n 
  500.40000m  500.4000m    0.        38.1392n   38.1095n 
  502.20000m  502.2000m    0.        39.7915n   39.7606n 
  504.00000m  504.0000m    0.        41.5140n   41.4819n 
  505.80000m  505.8000m    0.        43.3097n   43.2763n 
  507.60000m  507.6000m    0.        45.1815n   45.1467n 
  509.40000m  509.4000m    0.        47.1327n   47.0964n 
  511.20000m  511.2000m    0.        49.1663n   49.1286n 
  513.00000m  513.0000m    0.        51.2859n   51.2467n 
  514.80000m  514.8000m    0.        53.4950n   53.4541n 
  516.60000m  516.6000m    0.        55.7971n   55.7545n 
  518.40000m  518.4000m    0.        58.1961n   58.1518n 
  520.20000m  520.2000m    0.        60.6959n   60.6498n 
  522.00000m  522.0000m    0.        63.3007n   63.2526n 
  523.80000m  523.8000m    0.        66.0145n   65.9645n 
  525.60000m  525.6000m    0.        68.8420n   68.7899n 
  527.40000m  527.4000m    0.        71.7876n   71.7334n 
  529.20000m  529.2000m    0.        74.8560n   74.7996n 
  531.00000m  531.0000m    0.        78.0523n   77.9936n 
  532.80000m  532.8000m    0.        81.3816n   81.3203n 
  534.60000m  534.6000m    0.        84.8490n   84.7853n 
  536.40000m  536.4000m    0.        88.4602n   88.3938n 
  538.20000m  538.2000m    0.        92.2208n   92.1517n 
  540.00000m  540.0000m    0.        96.1369n   96.0649n 
  541.80000m  541.8000m    0.       100.2144n  100.1394n 
  543.60000m  543.6000m    0.       104.4598n  104.3817n 
  545.40000m  545.4000m    0.       108.8796n  108.7984n 
  547.20000m  547.2000m    0.       113.4808n  113.3962n 
  549.00000m  549.0000m    0.       118.2703n  118.1822n 
  550.80000m  550.8000m    0.       123.2556n  123.1639n 
  552.60000m  552.6000m    0.       128.4442n  128.3487n 
  554.40000m  554.4000m    0.       133.8440n  133.7446n 
  556.20000m  556.2000m    0.       139.4631n  139.3596n 
  558.00000m  558.0000m    0.       145.3101n  145.2024n 
  559.80000m  559.8000m    0.       151.3936n  151.2814n 
  561.60000m  561.6000m    0.       157.7227n  157.6059n 
  563.40000m  563.4000m    0.       164.3068n  164.1852n 
  565.20000m  565.2000m    0.       171.1555n  171.0289n 
  567.00000m  567.0000m    0.       178.2788n  178.1470n 
  568.80000m  568.8000m    0.       185.6871n  185.5500n 
  570.60000m  570.6000m    0.       193.3912n  193.2485n 
  572.40000m  572.4000m    0.       201.4021n  201.2536n 
  574.20000m  574.2000m    0.       209.7312n  209.5766n 
  576.00000m  576.0000m    0.       218.3905n  218.2296n 
  577.80000m  577.8000m    0.       227.3920n  227.2246n 
  579.60000m  579.6000m    0.       236.7484n  236.5742n 
  581.40000m  581.4000m    0.       246.4729n  246.2916n 
  583.20000m  583.2000m    0.       256.5787n  256.3901n 
  585.00000m  585.0000m    0.       267.0799n  266.8837n 
  586.80000m  586.8000m    0.       277.9908n  277.7867n 
  588.60000m  588.6000m    0.       289.3262n  289.1138n 
  590.40000m  590.4000m    0.       301.1013n  300.8804n 
  592.20000m  592.2000m    0.       313.3319n  313.1022n 
  594.00000m  594.0000m    0.       326.0343n  325.7953n 
  595.80000m  595.8000m    0.       339.2251n  338.9766n 
  597.60000m  597.6000m    0.       352.9216n  352.6632n 
  599.40000m  599.4000m    0.       367.1417n  366.8730n 
  601.20000m  601.2000m    0.       381.9035n  381.6242n 
  603.00000m  603.0000m    0.       397.2260n  396.9356n 
  604.80000m  604.8000m    0.       413.1286n  412.8267n 
  606.60000m  606.6000m    0.       429.6312n  429.3174n 
  608.40000m  608.4000m    0.       446.7545n  446.4283n 
  610.20000m  610.2000m    0.       464.5195n  464.1805n 
  612.00000m  612.0000m    0.       482.9480n  482.5958n 
  613.80000m  613.8000m    0.       502.0624n  501.6964n 
  615.60000m  615.6000m    0.       521.8857n  521.5055n 
  617.40000m  617.4000m    0.       542.4415n  542.0464n 
  619.20000m  619.2000m    0.       563.7540n  563.3436n 
  621.00000m  621.0000m    0.       585.8482n  585.4220n 
  622.80000m  622.8000m    0.       608.7497n  608.3070n 
  624.60000m  624.6000m    0.       632.4847n  632.0249n 
  626.40000m  626.4000m    0.       657.0801n  656.6027n 
  628.20000m  628.2000m    0.       682.5637n  682.0680n 
  630.00000m  630.0000m    0.       708.9636n  708.4490n 
  631.80000m  631.8000m    0.       736.3090n  735.7749n 
  633.60000m  633.6000m    0.       764.6296n  764.0753n 
  635.40000m  635.4000m    0.       793.9560n  793.3806n 
  637.20000m  637.2000m    0.       824.3192n  823.7222n 
  639.00000m  639.0000m    0.       855.7514n  855.1319n 
  640.80000m  640.8000m    0.       888.2851n  887.6425n 
  642.60000m  642.6000m    0.       921.9538n  921.2872n 
  644.40000m  644.4000m    0.       956.7917n  956.1004n 
  646.20000m  646.2000m    0.       992.8338n  992.1169n 
  648.00000m  648.0000m    0.         1.0301u    1.0294u 
  649.80000m  649.8000m    0.         1.0687u    1.0679u 
  651.60000m  651.6000m    0.         1.1085u    1.1077u 
  653.40000m  653.4000m    0.         1.1498u    1.1489u 
  655.20000m  655.2000m    0.         1.1924u    1.1915u 
  657.00000m  657.0000m    0.         1.2364u    1.2355u 
  658.80000m  658.8000m    0.         1.2819u    1.2810u 
  660.60000m  660.6000m    0.         1.3290u    1.3280u 
  662.40000m  662.4000m    0.         1.3775u    1.3766u 
  664.20000m  664.2000m    0.         1.4277u    1.4267u 
  666.00000m  666.0000m    0.         1.4795u    1.4785u 
  667.80000m  667.8000m    0.         1.5330u    1.5319u 
  669.60000m  669.6000m    0.         1.5883u    1.5871u 
  671.40000m  671.4000m    0.         1.6453u    1.6441u 
  673.20000m  673.2000m    0.         1.7041u    1.7029u 
  675.00000m  675.0000m    0.         1.7648u    1.7635u 
  676.80000m  676.8000m    0.         1.8274u    1.8261u 
  678.60000m  678.6000m    0.         1.8919u    1.8906u 
  680.40000m  680.4000m    0.         1.9585u    1.9571u 
  682.20000m  682.2000m    0.         2.0271u    2.0257u 
  684.00000m  684.0000m    0.         2.0979u    2.0964u 
  685.80000m  685.8000m    0.         2.1708u    2.1693u 
  687.60000m  687.6000m    0.         2.2459u    2.2444u 
  689.40000m  689.4000m    0.         2.3233u    2.3217u 
  691.20000m  691.2000m    0.         2.4031u    2.4014u 
  693.00000m  693.0000m    0.         2.4851u    2.4834u 
  694.80000m  694.8000m    0.         2.5697u    2.5678u 
  696.60000m  696.6000m    0.         2.6567u    2.6548u 
  698.40000m  698.4000m    0.         2.7462u    2.7443u 
  700.20000m  700.2000m    0.         2.8383u    2.8363u 
  702.00000m  702.0000m    0.         2.9331u    2.9310u 
  703.80000m  703.8000m    0.         3.0305u    3.0284u 
  705.60000m  705.6000m    0.         3.1308u    3.1286u 
  707.40000m  707.4000m    0.         3.2338u    3.2315u 
  709.20000m  709.2000m    0.         3.3397u    3.3374u 
  711.00000m  711.0000m    0.         3.4485u    3.4461u 
  712.80000m  712.8000m    0.         3.5604u    3.5579u 
  714.60000m  714.6000m    0.         3.6752u    3.6727u 
  716.40000m  716.4000m    0.         3.7932u    3.7906u 
  718.20000m  718.2000m    0.         3.9143u    3.9116u 
  720.00000m  720.0000m    0.         4.0386u    4.0358u 
  721.80000m  721.8000m    0.         4.1662u    4.1633u 
  723.60000m  723.6000m    0.         4.2971u    4.2942u 
  725.40000m  725.4000m    0.         4.4314u    4.4284u 
  727.20000m  727.2000m    0.         4.5692u    4.5660u 
  729.00000m  729.0000m    0.         4.7104u    4.7072u 
  730.80000m  730.8000m    0.         4.8552u    4.8519u 
  732.60000m  732.6000m    0.         5.0036u    5.0002u 
  734.40000m  734.4000m    0.         5.1557u    5.1521u 
  736.20000m  736.2000m    0.         5.3114u    5.3078u 
  738.00000m  738.0000m    0.         5.4710u    5.4672u 
  739.80000m  739.8000m    0.         5.6343u    5.6305u 
  741.60000m  741.6000m    0.         5.8016u    5.7976u 
  743.40000m  743.4000m    0.         5.9727u    5.9687u 
  745.20000m  745.2000m    0.         6.1479u    6.1437u 
  747.00000m  747.0000m    0.         6.3270u    6.3228u 
  748.80000m  748.8000m    0.         6.5103u    6.5059u 
  750.60000m  750.6000m    0.         6.6976u    6.6931u 
  752.40000m  752.4000m    0.         6.8892u    6.8846u 
  754.20000m  754.2000m    0.         7.0849u    7.0802u 
  756.00000m  756.0000m    0.         7.2849u    7.2801u 
  757.80000m  757.8000m    0.         7.4892u    7.4843u 
  759.60000m  759.6000m    0.         7.6979u    7.6928u 
  761.40000m  761.4000m    0.         7.9109u    7.9057u 
  763.20000m  763.2000m    0.         8.1284u    8.1230u 
  765.00000m  765.0000m    0.         8.3503u    8.3448u 
  766.80000m  766.8000m    0.         8.5768u    8.5711u 
  768.60000m  768.6000m    0.         8.8077u    8.8020u 
  770.40000m  770.4000m    0.         9.0433u    9.0374u 
  772.20000m  772.2000m    0.         9.2834u    9.2774u 
  774.00000m  774.0000m    0.         9.5282u    9.5220u 
  775.80000m  775.8000m    0.         9.7776u    9.7712u 
  777.60000m  777.6000m    0.        10.0317u   10.0252u 
  779.40000m  779.4000m    0.        10.2904u   10.2838u 
  781.20000m  781.2000m    0.        10.5540u   10.5472u 
  783.00000m  783.0000m    0.        10.8222u   10.8153u 
  784.80000m  784.8000m    0.        11.0952u   11.0881u 
  786.60000m  786.6000m    0.        11.3730u   11.3658u 
  788.40000m  788.4000m    0.        11.6556u   11.6482u 
  790.20000m  790.2000m    0.        11.9430u   11.9354u 
  792.00000m  792.0000m    0.        12.2352u   12.2275u 
  793.80000m  793.8000m    0.        12.5322u   12.5243u 
  795.60000m  795.6000m    0.        12.8340u   12.8260u 
  797.40000m  797.4000m    0.        13.1407u   13.1324u 
  799.20000m  799.2000m    0.        13.4521u   13.4437u 
  801.00000m  801.0000m    0.        13.7684u   13.7598u 
  802.80000m  802.8000m    0.        14.0895u   14.0808u 
  804.60000m  804.6000m    0.        14.4154u   14.4065u 
  806.40000m  806.4000m    0.        14.7461u   14.7370u 
  808.20000m  808.2000m    0.        15.0816u   15.0723u 
  810.00000m  810.0000m    0.        15.4219u   15.4124u 
  811.80000m  811.8000m    0.        15.7669u   15.7572u 
  813.60000m  813.6000m    0.        16.1166u   16.1068u 
  815.40000m  815.4000m    0.        16.4711u   16.4611u 
  817.20000m  817.2000m    0.        16.8302u   16.8200u 
  819.00000m  819.0000m    0.        17.1940u   17.1836u 
  820.80000m  820.8000m    0.        17.5625u   17.5519u 
  822.60000m  822.6000m    0.        17.9355u   17.9247u 
  824.40000m  824.4000m    0.        18.3131u   18.3022u 
  826.20000m  826.2000m    0.        18.6953u   18.6841u 
  828.00000m  828.0000m    0.        19.0820u   19.0706u 
  829.80000m  829.8000m    0.        19.4731u   19.4615u 
  831.60000m  831.6000m    0.        19.8686u   19.8568u 
  833.40000m  833.4000m    0.        20.2685u   20.2566u 
  835.20000m  835.2000m    0.        20.6728u   20.6606u 
  837.00000m  837.0000m    0.        21.0813u   21.0689u 
  838.80000m  838.8000m    0.        21.4941u   21.4815u 
  840.60000m  840.6000m    0.        21.9110u   21.8982u 
  842.40000m  842.4000m    0.        22.3321u   22.3191u 
  844.20000m  844.2000m    0.        22.7573u   22.7440u 
  846.00000m  846.0000m    0.        23.1864u   23.1730u 
  847.80000m  847.8000m    0.        23.6196u   23.6059u 
  849.60000m  849.6000m    0.        24.0566u   24.0428u 
  851.40000m  851.4000m    0.        24.4975u   24.4835u 
  853.20000m  853.2000m    0.        24.9422u   24.9279u 
  855.00000m  855.0000m    0.        25.3906u   25.3761u 
  856.80000m  856.8000m    0.        25.8426u   25.8280u 
  858.60000m  858.6000m    0.        26.2983u   26.2834u 
  860.40000m  860.4000m    0.        26.7575u   26.7423u 
  862.20000m  862.2000m    0.        27.2201u   27.2047u 
  864.00000m  864.0000m    0.        27.6861u   27.6705u 
  865.80000m  865.8000m    0.        28.1554u   28.1396u 
  867.60000m  867.6000m    0.        28.6280u   28.6120u 
  869.40000m  869.4000m    0.        29.1037u   29.0875u 
  871.20000m  871.2000m    0.        29.5826u   29.5662u 
  873.00000m  873.0000m    0.        30.0645u   30.0478u 
  874.80000m  874.8000m    0.        30.5494u   30.5325u 
  876.60000m  876.6000m    0.        31.0371u   31.0200u 
  878.40000m  878.4000m    0.        31.5277u   31.5103u 
  880.20000m  880.2000m    0.        32.0210u   32.0034u 
  882.00000m  882.0000m    0.        32.5169u   32.4992u 
  883.80000m  883.8000m    0.        33.0155u   32.9975u 
  885.60000m  885.6000m    0.        33.5166u   33.4983u 
  887.40000m  887.4000m    0.        34.0201u   34.0016u 
  889.20000m  889.2000m    0.        34.5260u   34.5073u 
  891.00000m  891.0000m    0.        35.0342u   35.0153u 
  892.80000m  892.8000m    0.        35.5446u   35.5255u 
  894.60000m  894.6000m    0.        36.0572u   36.0378u 
  896.40000m  896.4000m    0.        36.5718u   36.5522u 
  898.20000m  898.2000m    0.        37.0885u   37.0687u 
  900.00000m  900.0000m    0.        37.6070u   37.5870u 
  901.80000m  901.8000m    0.        38.1275u   38.1072u 
  903.60000m  903.6000m    0.        38.6497u   38.6293u 
  905.40000m  905.4000m    0.        39.1737u   39.1530u 
  907.20000m  907.2000m    0.        39.6993u   39.6784u 
  909.00000m  909.0000m    0.        40.2265u   40.2053u 
  910.80000m  910.8000m    0.        40.7552u   40.7338u 
  912.60000m  912.6000m    0.        41.2853u   41.2637u 
  914.40000m  914.4000m    0.        41.8168u   41.7950u 
  916.20000m  916.2000m    0.        42.3497u   42.3276u 
  918.00000m  918.0000m    0.        42.8837u   42.8615u 
  919.80000m  919.8000m    0.        43.4190u   43.3965u 
  921.60000m  921.6000m    0.        43.9554u   43.9327u 
  923.40000m  923.4000m    0.        44.4928u   44.4699u 
  925.20000m  925.2000m    0.        45.0312u   45.0081u 
  927.00000m  927.0000m    0.        45.5706u   45.5472u 
  928.80000m  928.8000m    0.        46.1109u   46.0872u 
  930.60000m  930.6000m    0.        46.6519u   46.6281u 
  932.40000m  932.4000m    0.        47.1938u   47.1697u 
  934.20000m  934.2000m    0.        47.7363u   47.7120u 
  936.00000m  936.0000m    0.        48.2795u   48.2549u 
  937.80000m  937.8000m    0.        48.8232u   48.7985u 
  939.60000m  939.6000m    0.        49.3676u   49.3426u 
  941.40000m  941.4000m    0.        49.9124u   49.8872u 
  943.20000m  943.2000m    0.        50.4577u   50.4323u 
  945.00000m  945.0000m    0.        51.0033u   50.9777u 
  946.80000m  946.8000m    0.        51.5493u   51.5235u 
  948.60000m  948.6000m    0.        52.0956u   52.0696u 
  950.40000m  950.4000m    0.        52.6422u   52.6159u 
  952.20000m  952.2000m    0.        53.1890u   53.1625u 
  954.00000m  954.0000m    0.        53.7359u   53.7092u 
  955.80000m  955.8000m    0.        54.2830u   54.2561u 
  957.60000m  957.6000m    0.        54.8302u   54.8030u 
  959.40000m  959.4000m    0.        55.3774u   55.3500u 
  961.20000m  961.2000m    0.        55.9246u   55.8970u 
  963.00000m  963.0000m    0.        56.4718u   56.4440u 
  964.80000m  964.8000m    0.        57.0190u   56.9909u 
  966.60000m  966.6000m    0.        57.5660u   57.5378u 
  968.40000m  968.4000m    0.        58.1129u   58.0845u 
  970.20000m  970.2000m    0.        58.6597u   58.6310u 
  972.00000m  972.0000m    0.        59.2062u   59.1773u 
  973.80000m  973.8000m    0.        59.7526u   59.7235u 
  975.60000m  975.6000m    0.        60.2986u   60.2693u 
  977.40000m  977.4000m    0.        60.8444u   60.8149u 
  979.20000m  979.2000m    0.        61.3899u   61.3602u 
  981.00000m  981.0000m    0.        61.9351u   61.9051u 
  982.80000m  982.8000m    0.        62.4799u   62.4497u 
  984.60000m  984.6000m    0.        63.0243u   62.9939u 
  986.40000m  986.4000m    0.        63.5683u   63.5377u 
  988.20000m  988.2000m    0.        64.1119u   64.0811u 
  990.00000m  990.0000m    0.        64.6551u   64.6241u 
  991.80000m  991.8000m    0.        65.1977u   65.1665u 
  993.60000m  993.6000m    0.        65.7399u   65.7085u 
  995.40000m  995.4000m    0.        66.2816u   66.2500u 
  997.20000m  997.2000m    0.        66.8228u   66.7909u 
  999.00000m  999.0000m    0.        67.3634u   67.3314u 
    1.00080     1.0008     0.        67.9035u   67.8712u 
    1.00260     1.0026     0.        68.4430u   68.4105u 
    1.00440     1.0044     0.        68.9819u   68.9492u 
    1.00620     1.0062     0.        69.5202u   69.4874u 
    1.00800     1.0080     0.        70.0579u   70.0249u 
    1.00980     1.0098     0.        70.5950u   70.5618u 
    1.01160     1.0116     0.        71.1315u   71.0980u 
    1.01340     1.0134     0.        71.6673u   71.6337u 
    1.01520     1.0152     0.        72.2025u   72.1686u 
    1.01700     1.0170     0.        72.7370u   72.7030u 
    1.01880     1.0188     0.        73.2709u   73.2366u 
    1.02060     1.0206     0.        73.8040u   73.7696u 
    1.02240     1.0224     0.        74.3365u   74.3019u 
    1.02420     1.0242     0.        74.8683u   74.8335u 
    1.02600     1.0260     0.        75.3995u   75.3644u 
    1.02780     1.0278     0.        75.9299u   75.8946u 
    1.02960     1.0296     0.        76.4596u   76.4242u 
    1.03140     1.0314     0.        76.9886u   76.9530u 
    1.03320     1.0332     0.        77.5169u   77.4811u 
    1.03500     1.0350     0.        78.0445u   78.0085u 
    1.03680     1.0368     0.        78.5714u   78.5352u 
    1.03860     1.0386     0.        79.0975u   79.0611u 
    1.04040     1.0404     0.        79.6229u   79.5863u 
    1.04220     1.0422     0.        80.1476u   80.1109u 
    1.04400     1.0440     0.        80.6716u   80.6347u 
    1.04580     1.0458     0.        81.1949u   81.1577u 
    1.04760     1.0476     0.        81.7174u   81.6801u 
    1.04940     1.0494     0.        82.2392u   82.2017u 
    1.05120     1.0512     0.        82.7603u   82.7226u 
    1.05300     1.0530     0.        83.2807u   83.2428u 
    1.05480     1.0548     0.        83.8003u   83.7623u 
    1.05660     1.0566     0.        84.3193u   84.2810u 
    1.05840     1.0584     0.        84.8375u   84.7990u 
    1.06020     1.0602     0.        85.3550u   85.3164u 
    1.06200     1.0620     0.        85.8718u   85.8330u 
    1.06380     1.0638     0.        86.3879u   86.3489u 
    1.06560     1.0656     0.        86.9032u   86.8640u 
    1.06740     1.0674     0.        87.4179u   87.3785u 
    1.06920     1.0692     0.        87.9319u   87.8923u 
    1.07100     1.0710     0.        88.4451u   88.4054u 
    1.07280     1.0728     0.        88.9577u   88.9178u 
    1.07460     1.0746     0.        89.4696u   89.4295u 
    1.07640     1.0764     0.        89.9808u   89.9405u 
    1.07820     1.0782     0.        90.4913u   90.4509u 
    1.08000     1.0800     0.        91.0012u   90.9606u 
    1.08180     1.0818     0.        91.5104u   91.4696u 
    1.08360     1.0836     0.        92.0189u   91.9779u 
    1.08540     1.0854     0.        92.5268u   92.4856u 
    1.08720     1.0872     0.        93.0339u   92.9926u 
    1.08900     1.0890     0.        93.5405u   93.4990u 
    1.09080     1.0908     0.        94.0464u   94.0047u 
    1.09260     1.0926     0.        94.5517u   94.5098u 
    1.09440     1.0944     0.        95.0563u   95.0142u 
    1.09620     1.0962     0.        95.5603u   95.5181u 
    1.09800     1.0980     0.        96.0637u   96.0213u 
    1.09980     1.0998     0.        96.5664u   96.5239u 
    1.10160     1.1016     0.        97.0686u   97.0258u 
    1.10340     1.1034     0.        97.5701u   97.5272u 
    1.10520     1.1052     0.        98.0711u   98.0280u 
    1.10700     1.1070     0.        98.5714u   98.5282u 
    1.10880     1.1088     0.        99.0712u   99.0277u 
    1.11060     1.1106     0.        99.5703u   99.5268u 
    1.11240     1.1124     0.       100.0689u  100.0252u 
    1.11420     1.1142     0.       100.5670u  100.5231u 
    1.11600     1.1160     0.       101.0645u  101.0204u 
    1.11780     1.1178     0.       101.5614u  101.5171u 
    1.11960     1.1196     0.       102.0577u  102.0133u 
    1.12140     1.1214     0.       102.5536u  102.5090u 
    1.12320     1.1232     0.       103.0489u  103.0041u 
    1.12500     1.1250     0.       103.5436u  103.4987u 
    1.12680     1.1268     0.       104.0378u  103.9927u 
    1.12860     1.1286     0.       104.5316u  104.4863u 
    1.13040     1.1304     0.       105.0248u  104.9793u 
    1.13220     1.1322     0.       105.5174u  105.4718u 
    1.13400     1.1340     0.       106.0096u  105.9639u 
    1.13580     1.1358     0.       106.5013u  106.4554u 
    1.13760     1.1376     0.       106.9926u  106.9465u 
    1.13940     1.1394     0.       107.4833u  107.4370u 
    1.14120     1.1412     0.       107.9735u  107.9271u 
    1.14300     1.1430     0.       108.4633u  108.4168u 
    1.14480     1.1448     0.       108.9527u  108.9059u 
    1.14660     1.1466     0.       109.4415u  109.3946u 
    1.14840     1.1484     0.       109.9300u  109.8829u 
    1.15020     1.1502     0.       110.4179u  110.3707u 
    1.15200     1.1520     0.       110.9055u  110.8581u 
    1.15380     1.1538     0.       111.3926u  111.3451u 
    1.15560     1.1556     0.       111.8793u  111.8316u 
    1.15740     1.1574     0.       112.3655u  112.3177u 
    1.15920     1.1592     0.       112.8514u  112.8034u 
    1.16100     1.1610     0.       113.3368u  113.2887u 
    1.16280     1.1628     0.       113.8219u  113.7735u 
    1.16460     1.1646     0.       114.3065u  114.2580u 
    1.16640     1.1664     0.       114.7908u  114.7421u 
    1.16820     1.1682     0.       115.2746u  115.2258u 
    1.17000     1.1700     0.       115.7581u  115.7092u 
    1.17180     1.1718     0.       116.2412u  116.1921u 
    1.17360     1.1736     0.       116.7240u  116.6747u 
    1.17540     1.1754     0.       117.2064u  117.1569u 
    1.17720     1.1772     0.       117.6884u  117.6388u 
    1.17900     1.1790     0.       118.1701u  118.1203u 
    1.18080     1.1808     0.       118.6514u  118.6015u 
    1.18260     1.1826     0.       119.1324u  119.0824u 
    1.18440     1.1844     0.       119.6130u  119.5629u 
    1.18620     1.1862     0.       120.0934u  120.0430u 
    1.18800     1.1880     0.       120.5734u  120.5229u 
    1.18980     1.1898     0.       121.0530u  121.0024u 
    1.19160     1.1916     0.       121.5324u  121.4816u 
    1.19340     1.1934     0.       122.0114u  121.9605u 
    1.19520     1.1952     0.       122.4902u  122.4391u 
    1.19700     1.1970     0.       122.9686u  122.9174u 
    1.19880     1.1988     0.       123.4468u  123.3954u 
    1.20060     1.2006     0.       123.9246u  123.8731u 
    1.20240     1.2024     0.       124.4022u  124.3505u 
    1.20420     1.2042     0.       124.8795u  124.8276u 
    1.20600     1.2060     0.       125.3565u  125.3045u 
    1.20780     1.2078     0.       125.8332u  125.7811u 
    1.20960     1.2096     0.       126.3097u  126.2574u 
    1.21140     1.2114     0.       126.7859u  126.7334u 
    1.21320     1.2132     0.       127.2619u  127.2092u 
    1.21500     1.2150     0.       127.7375u  127.6848u 
    1.21680     1.2168     0.       128.2130u  128.1601u 
    1.21860     1.2186     0.       128.6882u  128.6351u 
    1.22040     1.2204     0.       129.1631u  129.1099u 
    1.22220     1.2222     0.       129.6378u  129.5845u 
    1.22400     1.2240     0.       130.1123u  130.0588u 
    1.22580     1.2258     0.       130.5865u  130.5329u 
    1.22760     1.2276     0.       131.0606u  131.0068u 
    1.22940     1.2294     0.       131.5343u  131.4804u 
    1.23120     1.2312     0.       132.0079u  131.9538u 
    1.23300     1.2330     0.       132.4813u  132.4271u 
    1.23480     1.2348     0.       132.9544u  132.9001u 
    1.23660     1.2366     0.       133.4274u  133.3729u 
    1.23840     1.2384     0.       133.9001u  133.8454u 
    1.24020     1.2402     0.       134.3726u  134.3178u 
    1.24200     1.2420     0.       134.8450u  134.7900u 
    1.24380     1.2438     0.       135.3171u  135.2620u 
    1.24560     1.2456     0.       135.7891u  135.7338u 
    1.24740     1.2474     0.       136.2608u  136.2055u 
    1.24920     1.2492     0.       136.7324u  136.6769u 
    1.25100     1.2510     0.       137.2038u  137.1481u 
    1.25280     1.2528     0.       137.6750u  137.6192u 
    1.25460     1.2546     0.       138.1461u  138.0901u 
    1.25640     1.2564     0.       138.6169u  138.5609u 
    1.25820     1.2582     0.       139.0876u  139.0314u 
    1.26000     1.2600     0.       139.5582u  139.5018u 
    1.26180     1.2618     0.       140.0286u  139.9721u 
    1.26360     1.2636     0.       140.4988u  140.4421u 
    1.26540     1.2654     0.       140.9689u  140.9121u 
    1.26720     1.2672     0.       141.4388u  141.3818u 
    1.26900     1.2690     0.       141.9085u  141.8515u 
    1.27080     1.2708     0.       142.3781u  142.3209u 
    1.27260     1.2726     0.       142.8476u  142.7903u 
    1.27440     1.2744     0.       143.3169u  143.2594u 
    1.27620     1.2762     0.       143.7861u  143.7285u 
    1.27800     1.2780     0.       144.2551u  144.1974u 
    1.27980     1.2798     0.       144.7240u  144.6662u 
    1.28160     1.2816     0.       145.1928u  145.1348u 
    1.28340     1.2834     0.       145.6615u  145.6033u 
    1.28520     1.2852     0.       146.1300u  146.0717u 
    1.28700     1.2870     0.       146.5984u  146.5399u 
    1.28880     1.2888     0.       147.0666u  147.0081u 
    1.29060     1.2906     0.       147.5348u  147.4761u 
    1.29240     1.2924     0.       148.0028u  147.9440u 
    1.29420     1.2942     0.       148.4707u  148.4117u 
    1.29600     1.2960     0.       148.9385u  148.8794u 
    1.29780     1.2978     0.       149.4062u  149.3469u 
    1.29960     1.2996     0.       149.8738u  149.8144u 
    1.30140     1.3014     0.       150.3412u  150.2817u 
    1.30320     1.3032     0.       150.8086u  150.7489u 
    1.30500     1.3050     0.       151.2759u  151.2161u 
    1.30680     1.3068     0.       151.7430u  151.6831u 
    1.30860     1.3086     0.       152.2101u  152.1500u 
    1.31040     1.3104     0.       152.6770u  152.6168u 
    1.31220     1.3122     0.       153.1439u  153.0835u 
    1.31400     1.3140     0.       153.6106u  153.5502u 
    1.31580     1.3158     0.       154.0773u  154.0167u 
    1.31760     1.3176     0.       154.5439u  154.4832u 
    1.31940     1.3194     0.       155.0104u  154.9495u 
    1.32120     1.3212     0.       155.4768u  155.4158u 
    1.32300     1.3230     0.       155.9431u  155.8820u 
    1.32480     1.3248     0.       156.4093u  156.3481u 
    1.32660     1.3266     0.       156.8755u  156.8141u 
    1.32840     1.3284     0.       157.3415u  157.2800u 
    1.33020     1.3302     0.       157.8075u  157.7459u 
    1.33200     1.3320     0.       158.2734u  158.2117u 
    1.33380     1.3338     0.       158.7393u  158.6774u 
    1.33560     1.3356     0.       159.2050u  159.1430u 
    1.33740     1.3374     0.       159.6707u  159.6085u 
    1.33920     1.3392     0.       160.1363u  160.0740u 
    1.34100     1.3410     0.       160.6019u  160.5394u 
    1.34280     1.3428     0.       161.0673u  161.0048u 
    1.34460     1.3446     0.       161.5327u  161.4700u 
    1.34640     1.3464     0.       161.9981u  161.9353u 
    1.34820     1.3482     0.       162.4633u  162.4004u 
    1.35000     1.3500     0.       162.9285u  162.8655u 
    1.35180     1.3518     0.       163.3937u  163.3305u 
    1.35360     1.3536     0.       163.8588u  163.7954u 
    1.35540     1.3554     0.       164.3238u  164.2603u 
    1.35720     1.3572     0.       164.7887u  164.7252u 
    1.35900     1.3590     0.       165.2536u  165.1899u 
    1.36080     1.3608     0.       165.7185u  165.6546u 
    1.36260     1.3626     0.       166.1833u  166.1193u 
    1.36440     1.3644     0.       166.6480u  166.5839u 
    1.36620     1.3662     0.       167.1127u  167.0485u 
    1.36800     1.3680     0.       167.5773u  167.5130u 
    1.36980     1.3698     0.       168.0419u  167.9774u 
    1.37160     1.3716     0.       168.5064u  168.4418u 
    1.37340     1.3734     0.       168.9709u  168.9061u 
    1.37520     1.3752     0.       169.4353u  169.3704u 
    1.37700     1.3770     0.       169.8996u  169.8347u 
    1.37880     1.3788     0.       170.3640u  170.2989u 
    1.38060     1.3806     0.       170.8282u  170.7630u 
    1.38240     1.3824     0.       171.2925u  171.2271u 
    1.38420     1.3842     0.       171.7567u  171.6912u 
    1.38600     1.3860     0.       172.2208u  172.1552u 
    1.38780     1.3878     0.       172.6849u  172.6192u 
    1.38960     1.3896     0.       173.1490u  173.0831u 
    1.39140     1.3914     0.       173.6130u  173.5470u 
    1.39320     1.3932     0.       174.0770u  174.0109u 
    1.39500     1.3950     0.       174.5409u  174.4747u 
    1.39680     1.3968     0.       175.0048u  174.9385u 
    1.39860     1.3986     0.       175.4687u  175.4022u 
    1.40040     1.4004     0.       175.9325u  175.8659u 
    1.40220     1.4022     0.       176.3963u  176.3296u 
    1.40400     1.4040     0.       176.8600u  176.7932u 
    1.40580     1.4058     0.       177.3237u  177.2568u 
    1.40760     1.4076     0.       177.7874u  177.7203u 
    1.40940     1.4094     0.       178.2510u  178.1839u 
    1.41120     1.4112     0.       178.7147u  178.6474u 
    1.41300     1.4130     0.       179.1782u  179.1108u 
    1.41480     1.4148     0.       179.6418u  179.5742u 
    1.41660     1.4166     0.       180.1053u  180.0376u 
    1.41840     1.4184     0.       180.5688u  180.5010u 
    1.42020     1.4202     0.       181.0322u  180.9643u 
    1.42200     1.4220     0.       181.4956u  181.4276u 
    1.42380     1.4238     0.       181.9590u  181.8909u 
    1.42560     1.4256     0.       182.4224u  182.3541u 
    1.42740     1.4274     0.       182.8857u  182.8173u 
    1.42920     1.4292     0.       183.3490u  183.2805u 
    1.43100     1.4310     0.       183.8123u  183.7437u 
    1.43280     1.4328     0.       184.2755u  184.2068u 
    1.43460     1.4346     0.       184.7388u  184.6699u 
    1.43640     1.4364     0.       185.2020u  185.1330u 
    1.43820     1.4382     0.       185.6651u  185.5961u 
    1.44000     1.4400     0.       186.1283u  186.0591u 
    1.44180     1.4418     0.       186.5914u  186.5221u 
    1.44360     1.4436     0.       187.0545u  186.9851u 
    1.44540     1.4454     0.       187.5176u  187.4480u 
    1.44720     1.4472     0.       187.9806u  187.9110u 
    1.44900     1.4490     0.       188.4436u  188.3739u 
    1.45080     1.4508     0.       188.9066u  188.8367u 
    1.45260     1.4526     0.       189.3696u  189.2996u 
    1.45440     1.4544     0.       189.8326u  189.7625u 
    1.45620     1.4562     0.       190.2955u  190.2253u 
    1.45800     1.4580     0.       190.7584u  190.6881u 
    1.45980     1.4598     0.       191.2213u  191.1509u 
    1.46160     1.4616     0.       191.6842u  191.6136u 
    1.46340     1.4634     0.       192.1471u  192.0764u 
    1.46520     1.4652     0.       192.6099u  192.5391u 
    1.46700     1.4670     0.       193.0727u  193.0018u 
    1.46880     1.4688     0.       193.5355u  193.4645u 
    1.47060     1.4706     0.       193.9983u  193.9271u 
    1.47240     1.4724     0.       194.4610u  194.3898u 
    1.47420     1.4742     0.       194.9238u  194.8524u 
    1.47600     1.4760     0.       195.3865u  195.3150u 
    1.47780     1.4778     0.       195.8492u  195.7776u 
    1.47960     1.4796     0.       196.3119u  196.2401u 
    1.48140     1.4814     0.       196.7745u  196.7027u 
    1.48320     1.4832     0.       197.2372u  197.1652u 
    1.48500     1.4850     0.       197.6998u  197.6277u 
    1.48680     1.4868     0.       198.1624u  198.0902u 
    1.48860     1.4886     0.       198.6250u  198.5527u 
    1.49040     1.4904     0.       199.0876u  199.0152u 
    1.49220     1.4922     0.       199.5502u  199.4777u 
    1.49400     1.4940     0.       200.0127u  199.9401u 
    1.49580     1.4958     0.       200.4752u  200.4025u 
    1.49760     1.4976     0.       200.9377u  200.8649u 
    1.49940     1.4994     0.       201.4002u  201.3273u 
    1.50120     1.5012     0.       201.8627u  201.7897u 
    1.50300     1.5030     0.       202.3252u  202.2521u 
    1.50480     1.5048     0.       202.7877u  202.7144u 
    1.50660     1.5066     0.       203.2501u  203.1767u 
    1.50840     1.5084     0.       203.7125u  203.6391u 
    1.51020     1.5102     0.       204.1749u  204.1014u 
    1.51200     1.5120     0.       204.6373u  204.5636u 
    1.51380     1.5138     0.       205.0997u  205.0259u 
    1.51560     1.5156     0.       205.5621u  205.4882u 
    1.51740     1.5174     0.       206.0245u  205.9504u 
    1.51920     1.5192     0.       206.4868u  206.4127u 
    1.52100     1.5210     0.       206.9491u  206.8749u 
    1.52280     1.5228     0.       207.4114u  207.3371u 
    1.52460     1.5246     0.       207.8737u  207.7993u 
    1.52640     1.5264     0.       208.3360u  208.2615u 
    1.52820     1.5282     0.       208.7983u  208.7236u 
    1.53000     1.5300     0.       209.2606u  209.1858u 
    1.53180     1.5318     0.       209.7228u  209.6479u 
    1.53360     1.5336     0.       210.1851u  210.1101u 
    1.53540     1.5354     0.       210.6473u  210.5722u 
    1.53720     1.5372     0.       211.1095u  211.0343u 
    1.53900     1.5390     0.       211.5717u  211.4964u 
    1.54080     1.5408     0.       212.0339u  211.9585u 
    1.54260     1.5426     0.       212.4961u  212.4206u 
    1.54440     1.5444     0.       212.9582u  212.8826u 
    1.54620     1.5462     0.       213.4204u  213.3447u 
    1.54800     1.5480     0.       213.8825u  213.8067u 
    1.54980     1.5498     0.       214.3446u  214.2687u 
    1.55160     1.5516     0.       214.8068u  214.7307u 
    1.55340     1.5534     0.       215.2689u  215.1927u 
    1.55520     1.5552     0.       215.7310u  215.6547u 
    1.55700     1.5570     0.       216.1930u  216.1167u 
    1.55880     1.5588     0.       216.6551u  216.5787u 
    1.56060     1.5606     0.       217.1172u  217.0406u 
    1.56240     1.5624     0.       217.5792u  217.5026u 
    1.56420     1.5642     0.       218.0412u  217.9645u 
    1.56600     1.5660     0.       218.5033u  218.4264u 
    1.56780     1.5678     0.       218.9653u  218.8883u 
    1.56960     1.5696     0.       219.4273u  219.3502u 
    1.57140     1.5714     0.       219.8893u  219.8121u 
    1.57320     1.5732     0.       220.3512u  220.2740u 
    1.57500     1.5750     0.       220.8132u  220.7359u 
    1.57680     1.5768     0.       221.2752u  221.1977u 
    1.57860     1.5786     0.       221.7371u  221.6596u 
    1.58040     1.5804     0.       222.1990u  222.1214u 
    1.58220     1.5822     0.       222.6610u  222.5832u 
    1.58400     1.5840     0.       223.1229u  223.0450u 
    1.58580     1.5858     0.       223.5848u  223.5068u 
    1.58760     1.5876     0.       224.0467u  223.9686u 
    1.58940     1.5894     0.       224.5085u  224.4304u 
    1.59120     1.5912     0.       224.9704u  224.8922u 
    1.59300     1.5930     0.       225.4323u  225.3539u 
    1.59480     1.5948     0.       225.8941u  225.8157u 
    1.59660     1.5966     0.       226.3559u  226.2774u 
    1.59840     1.5984     0.       226.8178u  226.7391u 
    1.60020     1.6002     0.       227.2796u  227.2008u 
    1.60200     1.6020     0.       227.7414u  227.6625u 
    1.60380     1.6038     0.       228.2032u  228.1242u 
    1.60560     1.6056     0.       228.6649u  228.5859u 
    1.60740     1.6074     0.       229.1267u  229.0476u 
    1.60920     1.6092     0.       229.5885u  229.5092u 
    1.61100     1.6110     0.       230.0502u  229.9709u 
    1.61280     1.6128     0.       230.5119u  230.4325u 
    1.61460     1.6146     0.       230.9737u  230.8942u 
    1.61640     1.6164     0.       231.4354u  231.3558u 
    1.61820     1.6182     0.       231.8971u  231.8174u 
    1.62000     1.6200     0.       232.3588u  232.2790u 
    1.62180     1.6218     0.       232.8204u  232.7406u 
    1.62360     1.6236     0.       233.2821u  233.2021u 
    1.62540     1.6254     0.       233.7438u  233.6637u 
    1.62720     1.6272     0.       234.2054u  234.1252u 
    1.62900     1.6290     0.       234.6671u  234.5868u 
    1.63080     1.6308     0.       235.1287u  235.0483u 
    1.63260     1.6326     0.       235.5903u  235.5098u 
    1.63440     1.6344     0.       236.0519u  235.9714u 
    1.63620     1.6362     0.       236.5135u  236.4329u 
    1.63800     1.6380     0.       236.9751u  236.8943u 
    1.63980     1.6398     0.       237.4366u  237.3558u 
    1.64160     1.6416     0.       237.8982u  237.8173u 
    1.64340     1.6434     0.       238.3597u  238.2787u 
    1.64520     1.6452     0.       238.8213u  238.7402u 
    1.64700     1.6470     0.       239.2828u  239.2016u 
    1.64880     1.6488     0.       239.7443u  239.6630u 
    1.65060     1.6506     0.       240.2058u  240.1244u 
    1.65240     1.6524     0.       240.6673u  240.5858u 
    1.65420     1.6542     0.       241.1288u  241.0472u 
    1.65600     1.6560     0.       241.5903u  241.5086u 
    1.65780     1.6578     0.       242.0517u  241.9700u 
    1.65960     1.6596     0.       242.5132u  242.4313u 
    1.66140     1.6614     0.       242.9746u  242.8927u 
    1.66320     1.6632     0.       243.4360u  243.3540u 
    1.66500     1.6650     0.       243.8974u  243.8153u 
    1.66680     1.6668     0.       244.3588u  244.2766u 
    1.66860     1.6686     0.       244.8202u  244.7379u 
    1.67040     1.6704     0.       245.2816u  245.1992u 
    1.67220     1.6722     0.       245.7430u  245.6605u 
    1.67400     1.6740     0.       246.2043u  246.1218u 
    1.67580     1.6758     0.       246.6657u  246.5830u 
    1.67760     1.6776     0.       247.1270u  247.0443u 
    1.67940     1.6794     0.       247.5883u  247.5055u 
    1.68120     1.6812     0.       248.0496u  247.9667u 
    1.68300     1.6830     0.       248.5109u  248.4279u 
    1.68480     1.6848     0.       248.9722u  248.8891u 
    1.68660     1.6866     0.       249.4335u  249.3503u 
    1.68840     1.6884     0.       249.8947u  249.8115u 
    1.69020     1.6902     0.       250.3560u  250.2726u 
    1.69200     1.6920     0.       250.8172u  250.7338u 
    1.69380     1.6938     0.       251.2784u  251.1949u 
    1.69560     1.6956     0.       251.7396u  251.6560u 
    1.69740     1.6974     0.       252.2008u  252.1172u 
    1.69920     1.6992     0.       252.6620u  252.5783u 
    1.70100     1.7010     0.       253.1232u  253.0393u 
    1.70280     1.7028     0.       253.5844u  253.5004u 
    1.70460     1.7046     0.       254.0455u  253.9615u 
    1.70640     1.7064     0.       254.5066u  254.4225u 
    1.70820     1.7082     0.       254.9678u  254.8836u 
    1.71000     1.7100     0.       255.4289u  255.3446u 
    1.71180     1.7118     0.       255.8900u  255.8056u 
    1.71360     1.7136     0.       256.3511u  256.2666u 
    1.71540     1.7154     0.       256.8121u  256.7276u 
    1.71720     1.7172     0.       257.2732u  257.1886u 
    1.71900     1.7190     0.       257.7342u  257.6496u 
    1.72080     1.7208     0.       258.1953u  258.1105u 
    1.72260     1.7226     0.       258.6563u  258.5714u 
    1.72440     1.7244     0.       259.1173u  259.0324u 
    1.72620     1.7262     0.       259.5783u  259.4933u 
    1.72800     1.7280     0.       260.0393u  259.9542u 
    1.72980     1.7298     0.       260.5003u  260.4151u 
    1.73160     1.7316     0.       260.9612u  260.8760u 
    1.73340     1.7334     0.       261.4222u  261.3368u 
    1.73520     1.7352     0.       261.8831u  261.7977u 
    1.73700     1.7370     0.       262.3440u  262.2585u 
    1.73880     1.7388     0.       262.8049u  262.7193u 
    1.74060     1.7406     0.       263.2658u  263.1802u 
    1.74240     1.7424     0.       263.7267u  263.6410u 
    1.74420     1.7442     0.       264.1876u  264.1017u 
    1.74600     1.7460     0.       264.6484u  264.5625u 
    1.74780     1.7478     0.       265.1093u  265.0233u 
    1.74960     1.7496     0.       265.5701u  265.4840u 
    1.75140     1.7514     0.       266.0309u  265.9448u 
    1.75320     1.7532     0.       266.4917u  266.4055u 
    1.75500     1.7550     0.       266.9525u  266.8662u 
    1.75680     1.7568     0.       267.4133u  267.3269u 
    1.75860     1.7586     0.       267.8740u  267.7876u 
    1.76040     1.7604     0.       268.3348u  268.2482u 
    1.76220     1.7622     0.       268.7955u  268.7089u 
    1.76400     1.7640     0.       269.2562u  269.1695u 
    1.76580     1.7658     0.       269.7169u  269.6301u 
    1.76760     1.7676     0.       270.1776u  270.0907u 
    1.76940     1.7694     0.       270.6383u  270.5513u 
    1.77120     1.7712     0.       271.0989u  271.0119u 
    1.77300     1.7730     0.       271.5596u  271.4725u 
    1.77480     1.7748     0.       272.0202u  271.9331u 
    1.77660     1.7766     0.       272.4808u  272.3936u 
    1.77840     1.7784     0.       272.9414u  272.8541u 
    1.78020     1.7802     0.       273.4020u  273.3146u 
    1.78200     1.7820     0.       273.8626u  273.7751u 
    1.78380     1.7838     0.       274.3232u  274.2356u 
    1.78560     1.7856     0.       274.7837u  274.6961u 
    1.78740     1.7874     0.       275.2442u  275.1566u 
    1.78920     1.7892     0.       275.7048u  275.6170u 
    1.79100     1.7910     0.       276.1653u  276.0774u 
    1.79280     1.7928     0.       276.6258u  276.5378u 
    1.79460     1.7946     0.       277.0862u  276.9982u 
    1.79640     1.7964     0.       277.5467u  277.4586u 
    1.79820     1.7982     0.       278.0071u  277.9190u 
    1.80000     1.8000     0.       278.4676u  278.3794u 
y
x

 volt         current   
             vb_sense   
    0.          1.8101p 
    1.80000m    1.8102p 
    3.60000m    1.8102p 
    5.40000m    1.8102p 
    7.20000m    1.8102p 
    9.00000m    1.8102p 
   10.80000m    1.8102p 
   12.60000m    1.8102p 
   14.40000m    1.8102p 
   16.20000m    1.8102p 
   18.00000m    1.8102p 
   19.80000m    1.8102p 
   21.60000m    1.8102p 
   23.40000m    1.8103p 
   25.20000m    1.8103p 
   27.00000m    1.8103p 
   28.80000m    1.8103p 
   30.60000m    1.8103p 
   32.40000m    1.8103p 
   34.20000m    1.8103p 
   36.00000m    1.8104p 
   37.80000m    1.8104p 
   39.60000m    1.8104p 
   41.40000m    1.8104p 
   43.20000m    1.8104p 
   45.00000m    1.8104p 
   46.80000m    1.8105p 
   48.60000m    1.8105p 
   50.40000m    1.8105p 
   52.20000m    1.8105p 
   54.00000m    1.8105p 
   55.80000m    1.8106p 
   57.60000m    1.8106p 
   59.40000m    1.8106p 
   61.20000m    1.8107p 
   63.00000m    1.8107p 
   64.80000m    1.8107p 
   66.60000m    1.8107p 
   68.40000m    1.8108p 
   70.20000m    1.8108p 
   72.00000m    1.8109p 
   73.80000m    1.8109p 
   75.60000m    1.8109p 
   77.40000m    1.8110p 
   79.20000m    1.8110p 
   81.00000m    1.8111p 
   82.80000m    1.8111p 
   84.60000m    1.8112p 
   86.40000m    1.8112p 
   88.20000m    1.8113p 
   90.00000m    1.8113p 
   91.80000m    1.8114p 
   93.60000m    1.8114p 
   95.40000m    1.8115p 
   97.20000m    1.8116p 
   99.00000m    1.8117p 
  100.80000m    1.8117p 
  102.60000m    1.8118p 
  104.40000m    1.8119p 
  106.20000m    1.8120p 
  108.00000m    1.8121p 
  109.80000m    1.8121p 
  111.60000m    1.8122p 
  113.40000m    1.8123p 
  115.20000m    1.8125p 
  117.00000m    1.8126p 
  118.80000m    1.8127p 
  120.60000m    1.8128p 
  122.40000m    1.8129p 
  124.20000m    1.8131p 
  126.00000m    1.8132p 
  127.80000m    1.8133p 
  129.60000m    1.8135p 
  131.40000m    1.8136p 
  133.20000m    1.8138p 
  135.00000m    1.8140p 
  136.80000m    1.8142p 
  138.60000m    1.8143p 
  140.40000m    1.8145p 
  142.20000m    1.8147p 
  144.00000m    1.8150p 
  145.80000m    1.8152p 
  147.60000m    1.8154p 
  149.40000m    1.8157p 
  151.20000m    1.8159p 
  153.00000m    1.8162p 
  154.80000m    1.8164p 
  156.60000m    1.8167p 
  158.40000m    1.8170p 
  160.20000m    1.8174p 
  162.00000m    1.8177p 
  163.80000m    1.8180p 
  165.60000m    1.8184p 
  167.40000m    1.8188p 
  169.20000m    1.8192p 
  171.00000m    1.8196p 
  172.80000m    1.8200p 
  174.60000m    1.8205p 
  176.40000m    1.8209p 
  178.20000m    1.8214p 
  180.00000m    1.8219p 
  181.80000m    1.8225p 
  183.60000m    1.8230p 
  185.40000m    1.8236p 
  187.20000m    1.8242p 
  189.00000m    1.8249p 
  190.80000m    1.8255p 
  192.60000m    1.8262p 
  194.40000m    1.8270p 
  196.20000m    1.8277p 
  198.00000m    1.8285p 
  199.80000m    1.8293p 
  201.60000m    1.8302p 
  203.40000m    1.8311p 
  205.20000m    1.8321p 
  207.00000m    1.8331p 
  208.80000m    1.8341p 
  210.60000m    1.8352p 
  212.40000m    1.8363p 
  214.20000m    1.8375p 
  216.00000m    1.8387p 
  217.80000m    1.8400p 
  219.60000m    1.8414p 
  221.40000m    1.8428p 
  223.20000m    1.8442p 
  225.00000m    1.8458p 
  226.80000m    1.8474p 
  228.60000m    1.8491p 
  230.40000m    1.8508p 
  232.20000m    1.8526p 
  234.00000m    1.8546p 
  235.80000m    1.8566p 
  237.60000m    1.8586p 
  239.40000m    1.8608p 
  241.20000m    1.8631p 
  243.00000m    1.8655p 
  244.80000m    1.8680p 
  246.60000m    1.8706p 
  248.40000m    1.8733p 
  250.20000m    1.8761p 
  252.00000m    1.8791p 
  253.80000m    1.8822p 
  255.60000m    1.8855p 
  257.40000m    1.8888p 
  259.20000m    1.8924p 
  261.00000m    1.8961p 
  262.80000m    1.8999p 
  264.60000m    1.9040p 
  266.40000m    1.9082p 
  268.20000m    1.9126p 
  270.00000m    1.9172p 
  271.80000m    1.9220p 
  273.60000m    1.9270p 
  275.40000m    1.9323p 
  277.20000m    1.9378p 
  279.00000m    1.9435p 
  280.80000m    1.9495p 
  282.60000m    1.9557p 
  284.40000m    1.9623p 
  286.20000m    1.9691p 
  288.00000m    1.9762p 
  289.80000m    1.9837p 
  291.60000m    1.9915p 
  293.40000m    1.9996p 
  295.20000m    2.0081p 
  297.00000m    2.0170p 
  298.80000m    2.0262p 
  300.60000m    2.0359p 
  302.40000m    2.0460p 
  304.20000m    2.0566p 
  306.00000m    2.0677p 
  307.80000m    2.0792p 
  309.60000m    2.0913p 
  311.40000m    2.1039p 
  313.20000m    2.1170p 
  315.00000m    2.1308p 
  316.80000m    2.1451p 
  318.60000m    2.1601p 
  320.40000m    2.1758p 
  322.20000m    2.1922p 
  324.00000m    2.2093p 
  325.80000m    2.2272p 
  327.60000m    2.2458p 
  329.40000m    2.2653p 
  331.20000m    2.2857p 
  333.00000m    2.3070p 
  334.80000m    2.3292p 
  336.60000m    2.3525p 
  338.40000m    2.3767p 
  340.20000m    2.4021p 
  342.00000m    2.4285p 
  343.80000m    2.4562p 
  345.60000m    2.4851p 
  347.40000m    2.5152p 
  349.20000m    2.5468p 
  351.00000m    2.5797p 
  352.80000m    2.6141p 
  354.60000m    2.6500p 
  356.40000m    2.6875p 
  358.20000m    2.7267p 
  360.00000m    2.7676p 
  361.80000m    2.8104p 
  363.60000m    2.8550p 
  365.40000m    2.9017p 
  367.20000m    2.9504p 
  369.00000m    3.0013p 
  370.80000m    3.0544p 
  372.60000m    3.1099p 
  374.40000m    3.1679p 
  376.20000m    3.2284p 
  378.00000m    3.2916p 
  379.80000m    3.3577p 
  381.60000m    3.4266p 
  383.40000m    3.4987p 
  385.20000m    3.5739p 
  387.00000m    3.6524p 
  388.80000m    3.7345p 
  390.60000m    3.8201p 
  392.40000m    3.9096p 
  394.20000m    4.0030p 
  396.00000m    4.1006p 
  397.80000m    4.2025p 
  399.60000m    4.3088p 
  401.40000m    4.4199p 
  403.20000m    4.5359p 
  405.00000m    4.6570p 
  406.80000m    4.7835p 
  408.60000m    4.9155p 
  410.40000m    5.0534p 
  412.20000m    5.1974p 
  414.00000m    5.3477p 
  415.80000m    5.5046p 
  417.60000m    5.6685p 
  419.40000m    5.8395p 
  421.20000m    6.0181p 
  423.00000m    6.2045p 
  424.80000m    6.3992p 
  426.60000m    6.6024p 
  428.40000m    6.8145p 
  430.20000m    7.0359p 
  432.00000m    7.2671p 
  433.80000m    7.5084p 
  435.60000m    7.7602p 
  437.40000m    8.0231p 
  439.20000m    8.2976p 
  441.00000m    8.5840p 
  442.80000m    8.8829p 
  444.60000m    9.1949p 
  446.40000m    9.5206p 
  448.20000m    9.8605p 
  450.00000m   10.2151p 
  451.80000m   10.5853p 
  453.60000m   10.9716p 
  455.40000m   11.3747p 
  457.20000m   11.7953p 
  459.00000m   12.2343p 
  460.80000m   12.6923p 
  462.60000m   13.1701p 
  464.40000m   13.6688p 
  466.20000m   14.1890p 
  468.00000m   14.7318p 
  469.80000m   15.2980p 
  471.60000m   15.8888p 
  473.40000m   16.5050p 
  475.20000m   17.1479p 
  477.00000m   17.8185p 
  478.80000m   18.5180p 
  480.60000m   19.2476p 
  482.40000m   20.0086p 
  484.20000m   20.8023p 
  486.00000m   21.6300p 
  487.80000m   22.4933p 
  489.60000m   23.3936p 
  491.40000m   24.3323p 
  493.20000m   25.3112p 
  495.00000m   26.3320p 
  496.80000m   27.3962p 
  498.60000m   28.5058p 
  500.40000m   29.6627p 
  502.20000m   30.8687p 
  504.00000m   32.1259p 
  505.80000m   33.4364p 
  507.60000m   34.8025p 
  509.40000m   36.2263p 
  511.20000m   37.7103p 
  513.00000m   39.2569p 
  514.80000m   40.8686p 
  516.60000m   42.5481p 
  518.40000m   44.2982p 
  520.20000m   46.1218p 
  522.00000m   48.0217p 
  523.80000m   50.0010p 
  525.60000m   52.0631p 
  527.40000m   54.2111p 
  529.20000m   56.4485p 
  531.00000m   58.7789p 
  532.80000m   61.2060p 
  534.60000m   63.7336p 
  536.40000m   66.3657p 
  538.20000m   69.1065p 
  540.00000m   71.9601p 
  541.80000m   74.9312p 
  543.60000m   78.0241p 
  545.40000m   81.2438p 
  547.20000m   84.5950p 
  549.00000m   88.0830p 
  550.80000m   91.7131p 
  552.60000m   95.4906p 
  554.40000m   99.4213p 
  556.20000m  103.5110p 
  558.00000m  107.7658p 
  559.80000m  112.1919p 
  561.60000m  116.7959p 
  563.40000m  121.5845p 
  565.20000m  126.5645p 
  567.00000m  131.7432p 
  568.80000m  137.1280p 
  570.60000m  142.7265p 
  572.40000m  148.5466p 
  574.20000m  154.5965p 
  576.00000m  160.8846p 
  577.80000m  167.4196p 
  579.60000m  174.2104p 
  581.40000m  181.2664p 
  583.20000m  188.5970p 
  585.00000m  196.2121p 
  586.80000m  204.1219p 
  588.60000m  212.3367p 
  590.40000m  220.8673p 
  592.20000m  229.7249p 
  594.00000m  238.9207p 
  595.80000m  248.4667p 
  597.60000m  258.3747p 
  599.40000m  268.6573p 
  601.20000m  279.3273p 
  603.00000m  290.3977p 
  604.80000m  301.8820p 
  606.60000m  313.7940p 
  608.40000m  326.1481p 
  610.20000m  338.9588p 
  612.00000m  352.2410p 
  613.80000m  366.0102p 
  615.60000m  380.2820p 
  617.40000m  395.0727p 
  619.20000m  410.3986p 
  621.00000m  426.2769p 
  622.80000m  442.7247p 
  624.60000m  459.7598p 
  626.40000m  477.4003p 
  628.20000m  495.6647p 
  630.00000m  514.5721p 
  631.80000m  534.1416p 
  633.60000m  554.3931p 
  635.40000m  575.3467p 
  637.20000m  597.0228p 
  639.00000m  619.4425p 
  640.80000m  642.6270p 
  642.60000m  666.5980p 
  644.40000m  691.3776p 
  646.20000m  716.9883p 
  648.00000m  743.4529p 
  649.80000m  770.7946p 
  651.60000m  799.0369p 
  653.40000m  828.2037p 
  655.20000m  858.3192p 
  657.00000m  889.4081p 
  658.80000m  921.4950p 
  660.60000m  954.6053p 
  662.40000m  988.7642p 
  664.20000m    1.0240n 
  666.00000m    1.0603n 
  667.80000m    1.0978n 
  669.60000m    1.1364n 
  671.40000m    1.1762n 
  673.20000m    1.2172n 
  675.00000m    1.2594n 
  676.80000m    1.3029n 
  678.60000m    1.3477n 
  680.40000m    1.3938n 
  682.20000m    1.4412n 
  684.00000m    1.4900n 
  685.80000m    1.5402n 
  687.60000m    1.5919n 
  689.40000m    1.6450n 
  691.20000m    1.6995n 
  693.00000m    1.7556n 
  694.80000m    1.8132n 
  696.60000m    1.8723n 
  698.40000m    1.9331n 
  700.20000m    1.9954n 
  702.00000m    2.0594n 
  703.80000m    2.1251n 
  705.60000m    2.1924n 
  707.40000m    2.2615n 
  709.20000m    2.3323n 
  711.00000m    2.4048n 
  712.80000m    2.4792n 
  714.60000m    2.5553n 
  716.40000m    2.6333n 
  718.20000m    2.7132n 
  720.00000m    2.7949n 
  721.80000m    2.8785n 
  723.60000m    2.9640n 
  725.40000m    3.0515n 
  727.20000m    3.1409n 
  729.00000m    3.2323n 
  730.80000m    3.3257n 
  732.60000m    3.4211n 
  734.40000m    3.5185n 
  736.20000m    3.6179n 
  738.00000m    3.7194n 
  739.80000m    3.8229n 
  741.60000m    3.9285n 
  743.40000m    4.0362n 
  745.20000m    4.1460n 
  747.00000m    4.2579n 
  748.80000m    4.3718n 
  750.60000m    4.4879n 
  752.40000m    4.6061n 
  754.20000m    4.7264n 
  756.00000m    4.8488n 
  757.80000m    4.9734n 
  759.60000m    5.1001n 
  761.40000m    5.2288n 
  763.20000m    5.3598n 
  765.00000m    5.4928n 
  766.80000m    5.6279n 
  768.60000m    5.7651n 
  770.40000m    5.9045n 
  772.20000m    6.0459n 
  774.00000m    6.1894n 
  775.80000m    6.3350n 
  777.60000m    6.4826n 
  779.40000m    6.6323n 
  781.20000m    6.7840n 
  783.00000m    6.9377n 
  784.80000m    7.0935n 
  786.60000m    7.2512n 
  788.40000m    7.4109n 
  790.20000m    7.5725n 
  792.00000m    7.7361n 
  793.80000m    7.9016n 
  795.60000m    8.0690n 
  797.40000m    8.2383n 
  799.20000m    8.4094n 
  801.00000m    8.5823n 
  802.80000m    8.7570n 
  804.60000m    8.9335n 
  806.40000m    9.1118n 
  808.20000m    9.2917n 
  810.00000m    9.4734n 
  811.80000m    9.6567n 
  813.60000m    9.8417n 
  815.40000m   10.0283n 
  817.20000m   10.2164n 
  819.00000m   10.4061n 
  820.80000m   10.5974n 
  822.60000m   10.7901n 
  824.40000m   10.9843n 
  826.20000m   11.1799n 
  828.00000m   11.3769n 
  829.80000m   11.5752n 
  831.60000m   11.7749n 
  833.40000m   11.9759n 
  835.20000m   12.1782n 
  837.00000m   12.3816n 
  838.80000m   12.5863n 
  840.60000m   12.7922n 
  842.40000m   12.9991n 
  844.20000m   13.2072n 
  846.00000m   13.4163n 
  847.80000m   13.6265n 
  849.60000m   13.8376n 
  851.40000m   14.0498n 
  853.20000m   14.2628n 
  855.00000m   14.4767n 
  856.80000m   14.6915n 
  858.60000m   14.9071n 
  860.40000m   15.1235n 
  862.20000m   15.3407n 
  864.00000m   15.5586n 
  865.80000m   15.7772n 
  867.60000m   15.9964n 
  869.40000m   16.2163n 
  871.20000m   16.4367n 
  873.00000m   16.6577n 
  874.80000m   16.8792n 
  876.60000m   17.1013n 
  878.40000m   17.3238n 
  880.20000m   17.5467n 
  882.00000m   17.7700n 
  883.80000m   17.9937n 
  885.60000m   18.2178n 
  887.40000m   18.4421n 
  889.20000m   18.6668n 
  891.00000m   18.8916n 
  892.80000m   19.1167n 
  894.60000m   19.3421n 
  896.40000m   19.5675n 
  898.20000m   19.7931n 
  900.00000m   20.0189n 
  901.80000m   20.2447n 
  903.60000m   20.4706n 
  905.40000m   20.6965n 
  907.20000m   20.9224n 
  909.00000m   21.1483n 
  910.80000m   21.3742n 
  912.60000m   21.6000n 
  914.40000m   21.8257n 
  916.20000m   22.0513n 
  918.00000m   22.2768n 
  919.80000m   22.5021n 
  921.60000m   22.7273n 
  923.40000m   22.9523n 
  925.20000m   23.1770n 
  927.00000m   23.4016n 
  928.80000m   23.6258n 
  930.60000m   23.8498n 
  932.40000m   24.0736n 
  934.20000m   24.2970n 
  936.00000m   24.5201n 
  937.80000m   24.7429n 
  939.60000m   24.9653n 
  941.40000m   25.1873n 
  943.20000m   25.4090n 
  945.00000m   25.6303n 
  946.80000m   25.8511n 
  948.60000m   26.0716n 
  950.40000m   26.2916n 
  952.20000m   26.5111n 
  954.00000m   26.7302n 
  955.80000m   26.9489n 
  957.60000m   27.1670n 
  959.40000m   27.3847n 
  961.20000m   27.6018n 
  963.00000m   27.8185n 
  964.80000m   28.0346n 
  966.60000m   28.2502n 
  968.40000m   28.4652n 
  970.20000m   28.6798n 
  972.00000m   28.8937n 
  973.80000m   29.1071n 
  975.60000m   29.3200n 
  977.40000m   29.5323n 
  979.20000m   29.7440n 
  981.00000m   29.9551n 
  982.80000m   30.1656n 
  984.60000m   30.3756n 
  986.40000m   30.5850n 
  988.20000m   30.7937n 
  990.00000m   31.0019n 
  991.80000m   31.2094n 
  993.60000m   31.4164n 
  995.40000m   31.6227n 
  997.20000m   31.8284n 
  999.00000m   32.0335n 
    1.00080    32.2380n 
    1.00260    32.4419n 
    1.00440    32.6451n 
    1.00620    32.8478n 
    1.00800    33.0498n 
    1.00980    33.2512n 
    1.01160    33.4519n 
    1.01340    33.6521n 
    1.01520    33.8516n 
    1.01700    34.0505n 
    1.01880    34.2488n 
    1.02060    34.4465n 
    1.02240    34.6435n 
    1.02420    34.8399n 
    1.02600    35.0357n 
    1.02780    35.2309n 
    1.02960    35.4255n 
    1.03140    35.6195n 
    1.03320    35.8128n 
    1.03500    36.0056n 
    1.03680    36.1977n 
    1.03860    36.3893n 
    1.04040    36.5802n 
    1.04220    36.7706n 
    1.04400    36.9603n 
    1.04580    37.1494n 
    1.04760    37.3380n 
    1.04940    37.5260n 
    1.05120    37.7133n 
    1.05300    37.9001n 
    1.05480    38.0864n 
    1.05660    38.2720n 
    1.05840    38.4571n 
    1.06020    38.6416n 
    1.06200    38.8255n 
    1.06380    39.0089n 
    1.06560    39.1917n 
    1.06740    39.3739n 
    1.06920    39.5556n 
    1.07100    39.7368n 
    1.07280    39.9174n 
    1.07460    40.0974n 
    1.07640    40.2769n 
    1.07820    40.4559n 
    1.08000    40.6344n 
    1.08180    40.8123n 
    1.08360    40.9897n 
    1.08540    41.1666n 
    1.08720    41.3429n 
    1.08900    41.5188n 
    1.09080    41.6941n 
    1.09260    41.8690n 
    1.09440    42.0433n 
    1.09620    42.2171n 
    1.09800    42.3904n 
    1.09980    42.5633n 
    1.10160    42.7356n 
    1.10340    42.9075n 
    1.10520    43.0789n 
    1.10700    43.2498n 
    1.10880    43.4203n 
    1.11060    43.5902n 
    1.11240    43.7597n 
    1.11420    43.9288n 
    1.11600    44.0974n 
    1.11780    44.2655n 
    1.11960    44.4332n 
    1.12140    44.6004n 
    1.12320    44.7672n 
    1.12500    44.9335n 
    1.12680    45.0994n 
    1.12860    45.2649n 
    1.13040    45.4299n 
    1.13220    45.5946n 
    1.13400    45.7587n 
    1.13580    45.9225n 
    1.13760    46.0859n 
    1.13940    46.2488n 
    1.14120    46.4113n 
    1.14300    46.5734n 
    1.14480    46.7351n 
    1.14660    46.8964n 
    1.14840    47.0573n 
    1.15020    47.2179n 
    1.15200    47.3780n 
    1.15380    47.5377n 
    1.15560    47.6970n 
    1.15740    47.8560n 
    1.15920    48.0146n 
    1.16100    48.1728n 
    1.16280    48.3306n 
    1.16460    48.4880n 
    1.16640    48.6451n 
    1.16820    48.8018n 
    1.17000    48.9581n 
    1.17180    49.1141n 
    1.17360    49.2697n 
    1.17540    49.4250n 
    1.17720    49.5799n 
    1.17900    49.7345n 
    1.18080    49.8887n 
    1.18260    50.0425n 
    1.18440    50.1960n 
    1.18620    50.3492n 
    1.18800    50.5020n 
    1.18980    50.6545n 
    1.19160    50.8067n 
    1.19340    50.9585n 
    1.19520    51.1100n 
    1.19700    51.2612n 
    1.19880    51.4120n 
    1.20060    51.5625n 
    1.20240    51.7127n 
    1.20420    51.8625n 
    1.20600    52.0121n 
    1.20780    52.1613n 
    1.20960    52.3102n 
    1.21140    52.4588n 
    1.21320    52.6071n 
    1.21500    52.7551n 
    1.21680    52.9028n 
    1.21860    53.0501n 
    1.22040    53.1972n 
    1.22220    53.3440n 
    1.22400    53.4904n 
    1.22580    53.6366n 
    1.22760    53.7824n 
    1.22940    53.9280n 
    1.23120    54.0733n 
    1.23300    54.2183n 
    1.23480    54.3630n 
    1.23660    54.5074n 
    1.23840    54.6515n 
    1.24020    54.7953n 
    1.24200    54.9388n 
    1.24380    55.0821n 
    1.24560    55.2251n 
    1.24740    55.3678n 
    1.24920    55.5102n 
    1.25100    55.6523n 
    1.25280    55.7942n 
    1.25460    55.9358n 
    1.25640    56.0771n 
    1.25820    56.2181n 
    1.26000    56.3589n 
    1.26180    56.4994n 
    1.26360    56.6396n 
    1.26540    56.7795n 
    1.26720    56.9192n 
    1.26900    57.0587n 
    1.27080    57.1978n 
    1.27260    57.3367n 
    1.27440    57.4753n 
    1.27620    57.6137n 
    1.27800    57.7518n 
    1.27980    57.8897n 
    1.28160    58.0272n 
    1.28340    58.1646n 
    1.28520    58.3016n 
    1.28700    58.4385n 
    1.28880    58.5750n 
    1.29060    58.7113n 
    1.29240    58.8474n 
    1.29420    58.9832n 
    1.29600    59.1187n 
    1.29780    59.2540n 
    1.29960    59.3891n 
    1.30140    59.5239n 
    1.30320    59.6584n 
    1.30500    59.7927n 
    1.30680    59.9268n 
    1.30860    60.0606n 
    1.31040    60.1941n 
    1.31220    60.3274n 
    1.31400    60.4605n 
    1.31580    60.5933n 
    1.31760    60.7259n 
    1.31940    60.8582n 
    1.32120    60.9903n 
    1.32300    61.1222n 
    1.32480    61.2538n 
    1.32660    61.3852n 
    1.32840    61.5163n 
    1.33020    61.6472n 
    1.33200    61.7779n 
    1.33380    61.9083n 
    1.33560    62.0385n 
    1.33740    62.1684n 
    1.33920    62.2981n 
    1.34100    62.4276n 
    1.34280    62.5568n 
    1.34460    62.6858n 
    1.34640    62.8146n 
    1.34820    62.9431n 
    1.35000    63.0714n 
    1.35180    63.1995n 
    1.35360    63.3273n 
    1.35540    63.4549n 
    1.35720    63.5823n 
    1.35900    63.7094n 
    1.36080    63.8363n 
    1.36260    63.9630n 
    1.36440    64.0895n 
    1.36620    64.2157n 
    1.36800    64.3417n 
    1.36980    64.4674n 
    1.37160    64.5929n 
    1.37340    64.7182n 
    1.37520    64.8433n 
    1.37700    64.9682n 
    1.37880    65.0928n 
    1.38060    65.2172n 
    1.38240    65.3413n 
    1.38420    65.4652n 
    1.38600    65.5890n 
    1.38780    65.7124n 
    1.38960    65.8357n 
    1.39140    65.9587n 
    1.39320    66.0815n 
    1.39500    66.2041n 
    1.39680    66.3264n 
    1.39860    66.4486n 
    1.40040    66.5705n 
    1.40220    66.6921n 
    1.40400    66.8136n 
    1.40580    66.9348n 
    1.40760    67.0558n 
    1.40940    67.1766n 
    1.41120    67.2972n 
    1.41300    67.4175n 
    1.41480    67.5376n 
    1.41660    67.6575n 
    1.41840    67.7772n 
    1.42020    67.8966n 
    1.42200    68.0158n 
    1.42380    68.1348n 
    1.42560    68.2536n 
    1.42740    68.3722n 
    1.42920    68.4905n 
    1.43100    68.6086n 
    1.43280    68.7265n 
    1.43460    68.8442n 
    1.43640    68.9616n 
    1.43820    69.0789n 
    1.44000    69.1959n 
    1.44180    69.3127n 
    1.44360    69.4292n 
    1.44540    69.5456n 
    1.44720    69.6617n 
    1.44900    69.7776n 
    1.45080    69.8933n 
    1.45260    70.0087n 
    1.45440    70.1240n 
    1.45620    70.2390n 
    1.45800    70.3538n 
    1.45980    70.4684n 
    1.46160    70.5828n 
    1.46340    70.6969n 
    1.46520    70.8108n 
    1.46700    70.9245n 
    1.46880    71.0380n 
    1.47060    71.1513n 
    1.47240    71.2644n 
    1.47420    71.3772n 
    1.47600    71.4898n 
    1.47780    71.6022n 
    1.47960    71.7144n 
    1.48140    71.8263n 
    1.48320    71.9381n 
    1.48500    72.0496n 
    1.48680    72.1609n 
    1.48860    72.2719n 
    1.49040    72.3828n 
    1.49220    72.4935n 
    1.49400    72.6039n 
    1.49580    72.7141n 
    1.49760    72.8241n 
    1.49940    72.9338n 
    1.50120    73.0434n 
    1.50300    73.1527n 
    1.50480    73.2618n 
    1.50660    73.3707n 
    1.50840    73.4794n 
    1.51020    73.5879n 
    1.51200    73.6961n 
    1.51380    73.8042n 
    1.51560    73.9120n 
    1.51740    74.0196n 
    1.51920    74.1269n 
    1.52100    74.2341n 
    1.52280    74.3410n 
    1.52460    74.4477n 
    1.52640    74.5542n 
    1.52820    74.6605n 
    1.53000    74.7666n 
    1.53180    74.8724n 
    1.53360    74.9781n 
    1.53540    75.0835n 
    1.53720    75.1887n 
    1.53900    75.2936n 
    1.54080    75.3984n 
    1.54260    75.5029n 
    1.54440    75.6073n 
    1.54620    75.7114n 
    1.54800    75.8153n 
    1.54980    75.9189n 
    1.55160    76.0224n 
    1.55340    76.1256n 
    1.55520    76.2286n 
    1.55700    76.3314n 
    1.55880    76.4340n 
    1.56060    76.5364n 
    1.56240    76.6385n 
    1.56420    76.7405n 
    1.56600    76.8422n 
    1.56780    76.9437n 
    1.56960    77.0449n 
    1.57140    77.1460n 
    1.57320    77.2468n 
    1.57500    77.3475n 
    1.57680    77.4479n 
    1.57860    77.5481n 
    1.58040    77.6480n 
    1.58220    77.7478n 
    1.58400    77.8473n 
    1.58580    77.9467n 
    1.58760    78.0458n 
    1.58940    78.1446n 
    1.59120    78.2433n 
    1.59300    78.3418n 
    1.59480    78.4400n 
    1.59660    78.5380n 
    1.59840    78.6358n 
    1.60020    78.7334n 
    1.60200    78.8307n 
    1.60380    78.9279n 
    1.60560    79.0248n 
    1.60740    79.1215n 
    1.60920    79.2180n 
    1.61100    79.3143n 
    1.61280    79.4103n 
    1.61460    79.5062n 
    1.61640    79.6018n 
    1.61820    79.6972n 
    1.62000    79.7924n 
    1.62180    79.8873n 
    1.62360    79.9821n 
    1.62540    80.0766n 
    1.62720    80.1709n 
    1.62900    80.2650n 
    1.63080    80.3589n 
    1.63260    80.4526n 
    1.63440    80.5460n 
    1.63620    80.6392n 
    1.63800    80.7323n 
    1.63980    80.8250n 
    1.64160    80.9176n 
    1.64340    81.0100n 
    1.64520    81.1021n 
    1.64700    81.1940n 
    1.64880    81.2857n 
    1.65060    81.3772n 
    1.65240    81.4685n 
    1.65420    81.5595n 
    1.65600    81.6504n 
    1.65780    81.7410n 
    1.65960    81.8314n 
    1.66140    81.9216n 
    1.66320    82.0115n 
    1.66500    82.1013n 
    1.66680    82.1908n 
    1.66860    82.2801n 
    1.67040    82.3692n 
    1.67220    82.4581n 
    1.67400    82.5467n 
    1.67580    82.6351n 
    1.67760    82.7234n 
    1.67940    82.8114n 
    1.68120    82.8992n 
    1.68300    82.9867n 
    1.68480    83.0741n 
    1.68660    83.1612n 
    1.68840    83.2481n 
    1.69020    83.3348n 
    1.69200    83.4213n 
    1.69380    83.5075n 
    1.69560    83.5936n 
    1.69740    83.6794n 
    1.69920    83.7650n 
    1.70100    83.8504n 
    1.70280    83.9356n 
    1.70460    84.0205n 
    1.70640    84.1053n 
    1.70820    84.1898n 
    1.71000    84.2741n 
    1.71180    84.3582n 
    1.71360    84.4420n 
    1.71540    84.5257n 
    1.71720    84.6091n 
    1.71900    84.6923n 
    1.72080    84.7753n 
    1.72260    84.8581n 
    1.72440    84.9406n 
    1.72620    85.0230n 
    1.72800    85.1051n 
    1.72980    85.1870n 
    1.73160    85.2687n 
    1.73340    85.3502n 
    1.73520    85.4314n 
    1.73700    85.5124n 
    1.73880    85.5933n 
    1.74060    85.6739n 
    1.74240    85.7542n 
    1.74420    85.8344n 
    1.74600    85.9143n 
    1.74780    85.9941n 
    1.74960    86.0736n 
    1.75140    86.1529n 
    1.75320    86.2319n 
    1.75500    86.3108n 
    1.75680    86.3894n 
    1.75860    86.4679n 
    1.76040    86.5461n 
    1.76220    86.6241n 
    1.76400    86.7018n 
    1.76580    86.7794n 
    1.76760    86.8567n 
    1.76940    86.9338n 
    1.77120    87.0107n 
    1.77300    87.0874n 
    1.77480    87.1639n 
    1.77660    87.2401n 
    1.77840    87.3162n 
    1.78020    87.3920n 
    1.78200    87.4676n 
    1.78380    87.5430n 
    1.78560    87.6181n 
    1.78740    87.6931n 
    1.78920    87.7678n 
    1.79100    87.8423n 
    1.79280    87.9166n 
    1.79460    87.9907n 
    1.79640    88.0645n 
    1.79820    88.1382n 
    1.80000    88.2116n 
y

          ***** job concluded
 ******  
 * hspice options

 ****** job statistics summary tnom=  25.000 temp=  25.000 ******
  
 ******  Machine Information  ******
 CPU:
 model name	: Intel(R) Xeon(R) Gold 6342 CPU @ 2.80GHz
 cpu MHz	: 2793.437
 CPU(s)		: 8
  
 OS:
 Linux version 4.18.0-553.70.1.el8_10.x86_64 (mockbuild@x86-64-01.build.eng.rdu2.redhat.com) (gcc version 8.5.0 20210514 (Red Hat 8.5.0-28) (GCC)) #1 SMP Tue Aug 12 13:09:16 EDT 2025

 System loadavg : 0.00 0.00 0.00 2/1893 19035


